******************* CASE-1: ORIGINAL ******************
######-START: Tests on Upper Triangular /home/paul/UNSA/directs/spike_pstrsv/exs/Original/Symmetric/ct20stif.mtx-######
NTHREAD: 2
* * * * * * * * * * * * * * * * * * * * * * 
* Matrix Information						
* ------------------						
* Reduced system size: 3419 x 3419				
* Reduced system nnzs: 3419 					
* S[0] size: 0 x 0					
* isOptimized[0]: 1					
* hasReflection[0]: 0					
* hasDependences[0]: 1				
* hasToCalculateS[0]: 0				
* Intervals start[0]: 26164, end[0]: 26164	
* Partition start[0]: 0, end[0]: 26164	
* S[1] size: 0 x 0					
* isOptimized[1]: 0					
* hasReflection[1]: 1					
* hasDependences[1]: 1				
* hasToCalculateS[1]: 0				
* Intervals start[1]: 0, end[1]: 1	
* Partition start[1]: 26164, end[1]: 52329	
* * * * * * * * * * * * * * * * * * * * * * 

MKL Seq. Triangular Solver 	| Min. runtime: 1.5118 ms 	| Avg. runtime: 1.6108 ms
MKL Par. Triangular Solver 	| Min. runtime: 1.2450 ms 	| Avg. runtime: 1.3413 ms
SPARSKIT Triangular Solver 	| Min. runtime: 1.1721 ms 	| Avg. runtime: 1.2653 ms
Parallel Triangular Solver 	| Min. runtime: 1.3051 ms 	| Avg. runtime: 1.4118 ms
CUDA Sparse Matrix-Vector Mult. 	| Min. runtime: 0.4629 ms 	| Avg. runtime: 0.4783 ms
NTHREAD: 4
* * * * * * * * * * * * * * * * * * * * * * 
* Matrix Information						
* ------------------						
* Reduced system size: 9415 x 9415				
* Reduced system nnzs: 279032 					
* S[0] size: 0 x 0					
* isOptimized[0]: 1					
* hasReflection[0]: 0					
* hasDependences[0]: 1				
* hasToCalculateS[0]: 0				
* Intervals start[0]: 13082, end[0]: 13082	
* Partition start[0]: 0, end[0]: 13082	
* S[1] size: 13082 x 2855					
* isOptimized[1]: 0					
* hasReflection[1]: 1					
* hasDependences[1]: 1				
* hasToCalculateS[1]: 1				
* Intervals start[1]: 0, end[1]: 13082	
* Partition start[1]: 13082, end[1]: 26164	
* S[2] size: 13082 x 889					
* isOptimized[2]: 0					
* hasReflection[2]: 1					
* hasDependences[2]: 1				
* hasToCalculateS[2]: 1				
* Intervals start[2]: 0, end[2]: 13082	
* Partition start[2]: 26164, end[2]: 39246	
* S[3] size: 0 x 0					
* isOptimized[3]: 0					
* hasReflection[3]: 1					
* hasDependences[3]: 1				
* hasToCalculateS[3]: 0				
* Intervals start[3]: 0, end[3]: 1	
* Partition start[3]: 39246, end[3]: 52329	
* * * * * * * * * * * * * * * * * * * * * * 

MKL Seq. Triangular Solver 	| Min. runtime: 1.5390 ms 	| Avg. runtime: 1.6095 ms
MKL Par. Triangular Solver 	| Min. runtime: 1.2519 ms 	| Avg. runtime: 1.3475 ms
SPARSKIT Triangular Solver 	| Min. runtime: 1.1730 ms 	| Avg. runtime: 1.2684 ms
Parallel Triangular Solver 	| Min. runtime: 1.0381 ms 	| Avg. runtime: 1.1456 ms
CUDA Sparse Matrix-Vector Mult. 	| Min. runtime: 0.4652 ms 	| Avg. runtime: 0.4796 ms
NTHREAD: 8
* * * * * * * * * * * * * * * * * * * * * * 
* Matrix Information						
* ------------------						
* Reduced system size: 12870 x 12870				
* Reduced system nnzs: 399025 					
* S[0] size: 0 x 0					
* isOptimized[0]: 1					
* hasReflection[0]: 0					
* hasDependences[0]: 1				
* hasToCalculateS[0]: 0				
* Intervals start[0]: 6541, end[0]: 6541	
* Partition start[0]: 0, end[0]: 6541	
* S[1] size: 6541 x 3972					
* isOptimized[1]: 0					
* hasReflection[1]: 1					
* hasDependences[1]: 1				
* hasToCalculateS[1]: 1				
* Intervals start[1]: 0, end[1]: 6541	
* Partition start[1]: 6541, end[1]: 13082	
* S[2] size: 6541 x 3422					
* isOptimized[2]: 0					
* hasReflection[2]: 1					
* hasDependences[2]: 1				
* hasToCalculateS[2]: 1				
* Intervals start[2]: 0, end[2]: 6541	
* Partition start[2]: 13082, end[2]: 19623	
* S[3] size: 6541 x 2278					
* isOptimized[3]: 0					
* hasReflection[3]: 1					
* hasDependences[3]: 1				
* hasToCalculateS[3]: 1				
* Intervals start[3]: 0, end[3]: 6541	
* Partition start[3]: 19623, end[3]: 26164	
* S[4] size: 6541 x 657					
* isOptimized[4]: 0					
* hasReflection[4]: 1					
* hasDependences[4]: 1				
* hasToCalculateS[4]: 1				
* Intervals start[4]: 0, end[4]: 6541	
* Partition start[4]: 26164, end[4]: 32705	
* S[5] size: 6541 x 619					
* isOptimized[5]: 0					
* hasReflection[5]: 1					
* hasDependences[5]: 1				
* hasToCalculateS[5]: 1				
* Intervals start[5]: 0, end[5]: 6541	
* Partition start[5]: 32705, end[5]: 39246	
* S[6] size: 6541 x 896					
* isOptimized[6]: 0					
* hasReflection[6]: 1					
* hasDependences[6]: 1				
* hasToCalculateS[6]: 1				
* Intervals start[6]: 0, end[6]: 6541	
* Partition start[6]: 39246, end[6]: 45787	
* S[7] size: 0 x 0					
* isOptimized[7]: 0					
* hasReflection[7]: 1					
* hasDependences[7]: 1				
* hasToCalculateS[7]: 0				
* Intervals start[7]: 0, end[7]: 1	
* Partition start[7]: 45787, end[7]: 52329	
* * * * * * * * * * * * * * * * * * * * * * 

MKL Seq. Triangular Solver 	| Min. runtime: 1.5030 ms 	| Avg. runtime: 1.5971 ms
MKL Par. Triangular Solver 	| Min. runtime: 1.2441 ms 	| Avg. runtime: 1.3356 ms
SPARSKIT Triangular Solver 	| Min. runtime: 1.1961 ms 	| Avg. runtime: 1.2717 ms
Parallel Triangular Solver 	| Min. runtime: 1.1320 ms 	| Avg. runtime: 1.3105 ms
CUDA Sparse Matrix-Vector Mult. 	| Min. runtime: 0.4637 ms 	| Avg. runtime: 0.4806 ms
NTHREAD: 10
* * * * * * * * * * * * * * * * * * * * * * 
* Matrix Information						
* ------------------						
* Reduced system size: 13086 x 13086				
* Reduced system nnzs: 512283 					
* S[0] size: 0 x 0					
* isOptimized[0]: 1					
* hasReflection[0]: 0					
* hasDependences[0]: 1				
* hasToCalculateS[0]: 0				
* Intervals start[0]: 5232, end[0]: 5232	
* Partition start[0]: 0, end[0]: 5232	
* S[1] size: 5232 x 3347					
* isOptimized[1]: 0					
* hasReflection[1]: 1					
* hasDependences[1]: 1				
* hasToCalculateS[1]: 1				
* Intervals start[1]: 0, end[1]: 5232	
* Partition start[1]: 5232, end[1]: 10464	
* S[2] size: 5232 x 4817					
* isOptimized[2]: 0					
* hasReflection[2]: 1					
* hasDependences[2]: 1				
* hasToCalculateS[2]: 1				
* Intervals start[2]: 0, end[2]: 5232	
* Partition start[2]: 10464, end[2]: 15696	
* S[3] size: 5232 x 1673					
* isOptimized[3]: 0					
* hasReflection[3]: 1					
* hasDependences[3]: 1				
* hasToCalculateS[3]: 1				
* Intervals start[3]: 0, end[3]: 5232	
* Partition start[3]: 15696, end[3]: 20928	
* S[4] size: 5232 x 1262					
* isOptimized[4]: 0					
* hasReflection[4]: 1					
* hasDependences[4]: 1				
* hasToCalculateS[4]: 1				
* Intervals start[4]: 0, end[4]: 5232	
* Partition start[4]: 20928, end[4]: 26160	
* S[5] size: 5232 x 358					
* isOptimized[5]: 0					
* hasReflection[5]: 1					
* hasDependences[5]: 1				
* hasToCalculateS[5]: 1				
* Intervals start[5]: 0, end[5]: 5232	
* Partition start[5]: 26160, end[5]: 31392	
* S[6] size: 5232 x 496					
* isOptimized[6]: 0					
* hasReflection[6]: 1					
* hasDependences[6]: 1				
* hasToCalculateS[6]: 1				
* Intervals start[6]: 0, end[6]: 5232	
* Partition start[6]: 31392, end[6]: 36624	
* S[7] size: 5232 x 948					
* isOptimized[7]: 0					
* hasReflection[7]: 1					
* hasDependences[7]: 1				
* hasToCalculateS[7]: 1				
* Intervals start[7]: 0, end[7]: 5232	
* Partition start[7]: 36624, end[7]: 41856	
* S[8] size: 5232 x 357					
* isOptimized[8]: 0					
* hasReflection[8]: 1					
* hasDependences[8]: 1				
* hasToCalculateS[8]: 1				
* Intervals start[8]: 0, end[8]: 5232	
* Partition start[8]: 41856, end[8]: 47088	
* S[9] size: 0 x 0					
* isOptimized[9]: 0					
* hasReflection[9]: 1					
* hasDependences[9]: 1				
* hasToCalculateS[9]: 0				
* Intervals start[9]: 0, end[9]: 1	
* Partition start[9]: 47088, end[9]: 52329	
* * * * * * * * * * * * * * * * * * * * * * 

MKL Seq. Triangular Solver 	| Min. runtime: 1.5349 ms 	| Avg. runtime: 1.6281 ms
MKL Par. Triangular Solver 	| Min. runtime: 1.2631 ms 	| Avg. runtime: 1.4286 ms
SPARSKIT Triangular Solver 	| Min. runtime: 1.2200 ms 	| Avg. runtime: 1.4000 ms
Parallel Triangular Solver 	| Min. runtime: 1.2541 ms 	| Avg. runtime: 1.6506 ms
CUDA Sparse Matrix-Vector Mult. 	| Min. runtime: 0.4619 ms 	| Avg. runtime: 0.4879 ms
NTHREAD: 16
* * * * * * * * * * * * * * * * * * * * * * 
* Matrix Information						
* ------------------						
* Reduced system size: 16909 x 16909				
* Reduced system nnzs: 692484 					
* S[0] size: 0 x 0					
* isOptimized[0]: 1					
* hasReflection[0]: 0					
* hasDependences[0]: 1				
* hasToCalculateS[0]: 0				
* Intervals start[0]: 3270, end[0]: 3270	
* Partition start[0]: 0, end[0]: 3270	
* S[1] size: 3270 x 2432					
* isOptimized[1]: 0					
* hasReflection[1]: 1					
* hasDependences[1]: 1				
* hasToCalculateS[1]: 1				
* Intervals start[1]: 0, end[1]: 3270	
* Partition start[1]: 3270, end[1]: 6540	
* S[2] size: 3270 x 2666					
* isOptimized[2]: 0					
* hasReflection[2]: 1					
* hasDependences[2]: 1				
* hasToCalculateS[2]: 1				
* Intervals start[2]: 0, end[2]: 3270	
* Partition start[2]: 6540, end[2]: 9810	
* S[3] size: 3270 x 2158					
* isOptimized[3]: 0					
* hasReflection[3]: 1					
* hasDependences[3]: 1				
* hasToCalculateS[3]: 1				
* Intervals start[3]: 0, end[3]: 3270	
* Partition start[3]: 9810, end[3]: 13080	
* S[4] size: 3270 x 4237					
* isOptimized[4]: 0					
* hasReflection[4]: 1					
* hasDependences[4]: 1				
* hasToCalculateS[4]: 1				
* Intervals start[4]: 0, end[4]: 3270	
* Partition start[4]: 13080, end[4]: 16350	
* S[5] size: 3270 x 663					
* isOptimized[5]: 0					
* hasReflection[5]: 1					
* hasDependences[5]: 1				
* hasToCalculateS[5]: 1				
* Intervals start[5]: 0, end[5]: 3270	
* Partition start[5]: 16350, end[5]: 19620	
* S[6] size: 3270 x 1121					
* isOptimized[6]: 0					
* hasReflection[6]: 1					
* hasDependences[6]: 1				
* hasToCalculateS[6]: 1				
* Intervals start[6]: 0, end[6]: 3270	
* Partition start[6]: 19620, end[6]: 22890	
* S[7] size: 3270 x 1202					
* isOptimized[7]: 0					
* hasReflection[7]: 1					
* hasDependences[7]: 1				
* hasToCalculateS[7]: 1				
* Intervals start[7]: 0, end[7]: 3270	
* Partition start[7]: 22890, end[7]: 26160	
* S[8] size: 3270 x 676					
* isOptimized[8]: 0					
* hasReflection[8]: 1					
* hasDependences[8]: 1				
* hasToCalculateS[8]: 1				
* Intervals start[8]: 0, end[8]: 3270	
* Partition start[8]: 26160, end[8]: 29430	
* S[9] size: 3270 x 476					
* isOptimized[9]: 0					
* hasReflection[9]: 1					
* hasDependences[9]: 1				
* hasToCalculateS[9]: 1				
* Intervals start[9]: 0, end[9]: 3270	
* Partition start[9]: 29430, end[9]: 32700	
* S[10] size: 3270 x 361					
* isOptimized[10]: 0					
* hasReflection[10]: 1					
* hasDependences[10]: 1				
* hasToCalculateS[10]: 1				
* Intervals start[10]: 0, end[10]: 3270	
* Partition start[10]: 32700, end[10]: 35970	
* S[11] size: 3270 x 553					
* isOptimized[11]: 0					
* hasReflection[11]: 1					
* hasDependences[11]: 1				
* hasToCalculateS[11]: 1				
* Intervals start[11]: 0, end[11]: 3270	
* Partition start[11]: 35970, end[11]: 39240	
* S[12] size: 3270 x 1047					
* isOptimized[12]: 0					
* hasReflection[12]: 1					
* hasDependences[12]: 1				
* hasToCalculateS[12]: 1				
* Intervals start[12]: 0, end[12]: 3270	
* Partition start[12]: 39240, end[12]: 42510	
* S[13] size: 3270 x 330					
* isOptimized[13]: 0					
* hasReflection[13]: 1					
* hasDependences[13]: 1				
* hasToCalculateS[13]: 1				
* Intervals start[13]: 0, end[13]: 3270	
* Partition start[13]: 42510, end[13]: 45780	
* S[14] size: 3270 x 505					
* isOptimized[14]: 0					
* hasReflection[14]: 1					
* hasDependences[14]: 1				
* hasToCalculateS[14]: 1				
* Intervals start[14]: 0, end[14]: 3270	
* Partition start[14]: 45780, end[14]: 49050	
* S[15] size: 0 x 0					
* isOptimized[15]: 0					
* hasReflection[15]: 1					
* hasDependences[15]: 1				
* hasToCalculateS[15]: 0				
* Intervals start[15]: 0, end[15]: 1	
* Partition start[15]: 49050, end[15]: 52329	
* * * * * * * * * * * * * * * * * * * * * * 

MKL Seq. Triangular Solver 	| Min. runtime: 1.5161 ms 	| Avg. runtime: 1.6102 ms
MKL Par. Triangular Solver 	| Min. runtime: 1.2479 ms 	| Avg. runtime: 1.3605 ms
SPARSKIT Triangular Solver 	| Min. runtime: 1.1859 ms 	| Avg. runtime: 1.2882 ms
Parallel Triangular Solver 	| Min. runtime: 1.7860 ms 	| Avg. runtime: 2.3845 ms
CUDA Sparse Matrix-Vector Mult. 	| Min. runtime: 0.4688 ms 	| Avg. runtime: 0.4865 ms
NTHREAD: 20
* * * * * * * * * * * * * * * * * * * * * * 
* Matrix Information						
* ------------------						
* Reduced system size: 16707 x 16707				
* Reduced system nnzs: 647095 					
* S[0] size: 0 x 0					
* isOptimized[0]: 1					
* hasReflection[0]: 0					
* hasDependences[0]: 1				
* hasToCalculateS[0]: 0				
* Intervals start[0]: 2616, end[0]: 2616	
* Partition start[0]: 0, end[0]: 2616	
* S[1] size: 2616 x 1938					
* isOptimized[1]: 0					
* hasReflection[1]: 1					
* hasDependences[1]: 1				
* hasToCalculateS[1]: 1				
* Intervals start[1]: 0, end[1]: 2616	
* Partition start[1]: 2616, end[1]: 5232	
* S[2] size: 2616 x 2397					
* isOptimized[2]: 0					
* hasReflection[2]: 1					
* hasDependences[2]: 1				
* hasToCalculateS[2]: 1				
* Intervals start[2]: 0, end[2]: 2616	
* Partition start[2]: 5232, end[2]: 7848	
* S[3] size: 2616 x 1844					
* isOptimized[3]: 0					
* hasReflection[3]: 1					
* hasDependences[3]: 1				
* hasToCalculateS[3]: 1				
* Intervals start[3]: 0, end[3]: 2616	
* Partition start[3]: 7848, end[3]: 10464	
* S[4] size: 2616 x 2080					
* isOptimized[4]: 0					
* hasReflection[4]: 1					
* hasDependences[4]: 1				
* hasToCalculateS[4]: 1				
* Intervals start[4]: 0, end[4]: 2616	
* Partition start[4]: 10464, end[4]: 13080	
* S[5] size: 2616 x 4026					
* isOptimized[5]: 0					
* hasReflection[5]: 1					
* hasDependences[5]: 1				
* hasToCalculateS[5]: 1				
* Intervals start[5]: 0, end[5]: 2616	
* Partition start[5]: 13080, end[5]: 15696	
* S[6] size: 2616 x 1314					
* isOptimized[6]: 0					
* hasReflection[6]: 1					
* hasDependences[6]: 1				
* hasToCalculateS[6]: 1				
* Intervals start[6]: 0, end[6]: 2616	
* Partition start[6]: 15696, end[6]: 18312	
* S[7] size: 2616 x 1077					
* isOptimized[7]: 0					
* hasReflection[7]: 1					
* hasDependences[7]: 1				
* hasToCalculateS[7]: 1				
* Intervals start[7]: 0, end[7]: 2616	
* Partition start[7]: 18312, end[7]: 20928	
* S[8] size: 2616 x 632					
* isOptimized[8]: 0					
* hasReflection[8]: 1					
* hasDependences[8]: 1				
* hasToCalculateS[8]: 1				
* Intervals start[8]: 0, end[8]: 2616	
* Partition start[8]: 20928, end[8]: 23544	
* S[9] size: 2616 x 1036					
* isOptimized[9]: 0					
* hasReflection[9]: 1					
* hasDependences[9]: 1				
* hasToCalculateS[9]: 1				
* Intervals start[9]: 0, end[9]: 2616	
* Partition start[9]: 23544, end[9]: 26160	
* S[10] size: 2616 x 249					
* isOptimized[10]: 0					
* hasReflection[10]: 1					
* hasDependences[10]: 1				
* hasToCalculateS[10]: 1				
* Intervals start[10]: 0, end[10]: 2616	
* Partition start[10]: 26160, end[10]: 28776	
* S[11] size: 2616 x 172					
* isOptimized[11]: 0					
* hasReflection[11]: 1					
* hasDependences[11]: 1				
* hasToCalculateS[11]: 1				
* Intervals start[11]: 0, end[11]: 2616	
* Partition start[11]: 28776, end[11]: 31392	
* S[12] size: 2616 x 403					
* isOptimized[12]: 0					
* hasReflection[12]: 1					
* hasDependences[12]: 1				
* hasToCalculateS[12]: 1				
* Intervals start[12]: 0, end[12]: 2616	
* Partition start[12]: 31392, end[12]: 34008	
* S[13] size: 2616 x 269					
* isOptimized[13]: 0					
* hasReflection[13]: 1					
* hasDependences[13]: 1				
* hasToCalculateS[13]: 1				
* Intervals start[13]: 0, end[13]: 2616	
* Partition start[13]: 34008, end[13]: 36624	
* S[14] size: 2616 x 553					
* isOptimized[14]: 0					
* hasReflection[14]: 1					
* hasDependences[14]: 1				
* hasToCalculateS[14]: 1				
* Intervals start[14]: 0, end[14]: 2616	
* Partition start[14]: 36624, end[14]: 39240	
* S[15] size: 2616 x 898					
* isOptimized[15]: 0					
* hasReflection[15]: 1					
* hasDependences[15]: 1				
* hasToCalculateS[15]: 1				
* Intervals start[15]: 0, end[15]: 2616	
* Partition start[15]: 39240, end[15]: 41856	
* S[16] size: 2616 x 806					
* isOptimized[16]: 0					
* hasReflection[16]: 1					
* hasDependences[16]: 1				
* hasToCalculateS[16]: 1				
* Intervals start[16]: 0, end[16]: 2616	
* Partition start[16]: 41856, end[16]: 44472	
* S[17] size: 2616 x 159					
* isOptimized[17]: 0					
* hasReflection[17]: 1					
* hasDependences[17]: 1				
* hasToCalculateS[17]: 1				
* Intervals start[17]: 0, end[17]: 2616	
* Partition start[17]: 44472, end[17]: 47088	
* S[18] size: 2616 x 264					
* isOptimized[18]: 0					
* hasReflection[18]: 1					
* hasDependences[18]: 1				
* hasToCalculateS[18]: 1				
* Intervals start[18]: 0, end[18]: 2616	
* Partition start[18]: 47088, end[18]: 49704	
* S[19] size: 0 x 0					
* isOptimized[19]: 0					
* hasReflection[19]: 1					
* hasDependences[19]: 1				
* hasToCalculateS[19]: 0				
* Intervals start[19]: 0, end[19]: 1	
* Partition start[19]: 49704, end[19]: 52329	
* * * * * * * * * * * * * * * * * * * * * * 

MKL Seq. Triangular Solver 	| Min. runtime: 1.5152 ms 	| Avg. runtime: 1.6567 ms
MKL Par. Triangular Solver 	| Min. runtime: 1.2400 ms 	| Avg. runtime: 1.3338 ms
SPARSKIT Triangular Solver 	| Min. runtime: 1.1990 ms 	| Avg. runtime: 1.2965 ms
Parallel Triangular Solver 	| Min. runtime: 1.9820 ms 	| Avg. runtime: 3.1957 ms
CUDA Sparse Matrix-Vector Mult. 	| Min. runtime: 0.4667 ms 	| Avg. runtime: 0.4845 ms
######-END: Tests on /home/paul/UNSA/directs/spike_pstrsv/exs/Original/Symmetric/ct20stif.mtx-######



######-START: Tests on Upper Triangular /home/paul/UNSA/directs/spike_pstrsv/exs/Original/Symmetric/Dubcova2.mtx-######
NTHREAD: 2
* * * * * * * * * * * * * * * * * * * * * * 
* Matrix Information						
* ------------------						
* Reduced system size: 32513 x 32513				
* Reduced system nnzs: 32513 					
* S[0] size: 0 x 0					
* isOptimized[0]: 1					
* hasReflection[0]: 0					
* hasDependences[0]: 1				
* hasToCalculateS[0]: 0				
* Intervals start[0]: 32512, end[0]: 32512	
* Partition start[0]: 0, end[0]: 32512	
* S[1] size: 0 x 0					
* isOptimized[1]: 0					
* hasReflection[1]: 1					
* hasDependences[1]: 1				
* hasToCalculateS[1]: 0				
* Intervals start[1]: 0, end[1]: 1	
* Partition start[1]: 32512, end[1]: 65025	
* * * * * * * * * * * * * * * * * * * * * * 

MKL Seq. Triangular Solver 	| Min. runtime: 0.6900 ms 	| Avg. runtime: 0.7774 ms
MKL Par. Triangular Solver 	| Min. runtime: 0.5279 ms 	| Avg. runtime: 0.5900 ms
SPARSKIT Triangular Solver 	| Min. runtime: 0.4990 ms 	| Avg. runtime: 0.5370 ms
Parallel Triangular Solver 	| Min. runtime: 0.5679 ms 	| Avg. runtime: 0.6194 ms
CUDA Sparse Matrix-Vector Mult. 	| Min. runtime: 0.1943 ms 	| Avg. runtime: 0.2001 ms
NTHREAD: 4
NTHREAD: 8
NTHREAD: 10
NTHREAD: 16
* * * * * * * * * * * * * * * * * * * * * * 
* Matrix Information						
* ------------------						
* Reduced system size: 59885 x 59885				
* Reduced system nnzs: 15671280 					
* S[0] size: 0 x 0					
* isOptimized[0]: 1					
* hasReflection[0]: 0					
* hasDependences[0]: 1				
* hasToCalculateS[0]: 0				
* Intervals start[0]: 4064, end[0]: 4064	
* Partition start[0]: 0, end[0]: 4064	
* S[1] size: 4064 x 28276					
* isOptimized[1]: 0					
* hasReflection[1]: 1					
* hasDependences[1]: 1				
* hasToCalculateS[1]: 1				
* Intervals start[1]: 0, end[1]: 4064	
* Partition start[1]: 4064, end[1]: 8128	
* S[2] size: 4064 x 29500					
* isOptimized[2]: 0					
* hasReflection[2]: 1					
* hasDependences[2]: 1				
* hasToCalculateS[2]: 1				
* Intervals start[2]: 0, end[2]: 4064	
* Partition start[2]: 8128, end[2]: 12192	
* S[3] size: 4064 x 36136					
* isOptimized[3]: 0					
* hasReflection[3]: 1					
* hasDependences[3]: 1				
* hasToCalculateS[3]: 1				
* Intervals start[3]: 0, end[3]: 4064	
* Partition start[3]: 12192, end[3]: 16256	
* S[4] size: 4064 x 8866					
* isOptimized[4]: 0					
* hasReflection[4]: 1					
* hasDependences[4]: 1				
* hasToCalculateS[4]: 1				
* Intervals start[4]: 0, end[4]: 4064	
* Partition start[4]: 16256, end[4]: 20320	
* S[5] size: 4064 x 2446					
* isOptimized[5]: 0					
* hasReflection[5]: 1					
* hasDependences[5]: 1				
* hasToCalculateS[5]: 1				
* Intervals start[5]: 0, end[5]: 4064	
* Partition start[5]: 20320, end[5]: 24384	
* S[6] size: 4064 x 2492					
* isOptimized[6]: 0					
* hasReflection[6]: 1					
* hasDependences[6]: 1				
* hasToCalculateS[6]: 1				
* Intervals start[6]: 0, end[6]: 4064	
* Partition start[6]: 24384, end[6]: 28448	
* S[7] size: 4064 x 2348					
* isOptimized[7]: 0					
* hasReflection[7]: 1					
* hasDependences[7]: 1				
* hasToCalculateS[7]: 1				
* Intervals start[7]: 0, end[7]: 4064	
* Partition start[7]: 28448, end[7]: 32512	
* S[8] size: 4064 x 2451					
* isOptimized[8]: 0					
* hasReflection[8]: 1					
* hasDependences[8]: 1				
* hasToCalculateS[8]: 1				
* Intervals start[8]: 0, end[8]: 4064	
* Partition start[8]: 32512, end[8]: 36576	
* S[9] size: 4064 x 2272					
* isOptimized[9]: 0					
* hasReflection[9]: 1					
* hasDependences[9]: 1				
* hasToCalculateS[9]: 1				
* Intervals start[9]: 0, end[9]: 4064	
* Partition start[9]: 36576, end[9]: 40640	
* S[10] size: 4064 x 2352					
* isOptimized[10]: 0					
* hasReflection[10]: 1					
* hasDependences[10]: 1				
* hasToCalculateS[10]: 1				
* Intervals start[10]: 0, end[10]: 4064	
* Partition start[10]: 40640, end[10]: 44704	
* S[11] size: 3937 x 2086					
* isOptimized[11]: 0					
* hasReflection[11]: 1					
* hasDependences[11]: 1				
* hasToCalculateS[11]: 1				
* Intervals start[11]: 0, end[11]: 3937	
* Partition start[11]: 44704, end[11]: 48768	
* S[12] size: 0 x 0					
* isOptimized[12]: 0					
* hasReflection[12]: 1					
* hasDependences[12]: 0				
* hasToCalculateS[12]: 0				
* Intervals start[12]: 0, end[12]: 1	
* Partition start[12]: 48768, end[12]: 52832	
* S[13] size: 0 x 0					
* isOptimized[13]: 0					
* hasReflection[13]: 1					
* hasDependences[13]: 0				
* hasToCalculateS[13]: 0				
* Intervals start[13]: 0, end[13]: 1	
* Partition start[13]: 52832, end[13]: 56896	
* S[14] size: 0 x 0					
* isOptimized[14]: 0					
* hasReflection[14]: 1					
* hasDependences[14]: 0				
* hasToCalculateS[14]: 0				
* Intervals start[14]: 0, end[14]: 1	
* Partition start[14]: 56896, end[14]: 60960	
* S[15] size: 0 x 0					
* isOptimized[15]: 0					
* hasReflection[15]: 1					
* hasDependences[15]: 0				
* hasToCalculateS[15]: 0				
* Intervals start[15]: 0, end[15]: 1	
* Partition start[15]: 60960, end[15]: 65025	
* * * * * * * * * * * * * * * * * * * * * * 

MKL Seq. Triangular Solver 	| Min. runtime: 0.6740 ms 	| Avg. runtime: 0.7124 ms
MKL Par. Triangular Solver 	| Min. runtime: 0.5209 ms 	| Avg. runtime: 0.5705 ms
SPARSKIT Triangular Solver 	| Min. runtime: 0.4840 ms 	| Avg. runtime: 0.5168 ms
Parallel Triangular Solver 	| Min. runtime: 16.3860 ms 	| Avg. runtime: 25.3117 ms
CUDA Sparse Matrix-Vector Mult. 	| Min. runtime: 0.1952 ms 	| Avg. runtime: 0.2000 ms
NTHREAD: 20
* * * * * * * * * * * * * * * * * * * * * * 
* Matrix Information						
* ------------------						
* Reduced system size: 60558 x 60558				
* Reduced system nnzs: 15298750 					
* S[0] size: 0 x 0					
* isOptimized[0]: 1					
* hasReflection[0]: 0					
* hasDependences[0]: 1				
* hasToCalculateS[0]: 0				
* Intervals start[0]: 3251, end[0]: 3251	
* Partition start[0]: 0, end[0]: 3251	
* S[1] size: 3251 x 22962					
* isOptimized[1]: 0					
* hasReflection[1]: 1					
* hasDependences[1]: 1				
* hasToCalculateS[1]: 1				
* Intervals start[1]: 0, end[1]: 3251	
* Partition start[1]: 3251, end[1]: 6502	
* S[2] size: 3251 x 22739					
* isOptimized[2]: 0					
* hasReflection[2]: 1					
* hasDependences[2]: 1				
* hasToCalculateS[2]: 1				
* Intervals start[2]: 0, end[2]: 3251	
* Partition start[2]: 6502, end[2]: 9753	
* S[3] size: 3251 x 25820					
* isOptimized[3]: 0					
* hasReflection[3]: 1					
* hasDependences[3]: 1				
* hasToCalculateS[3]: 1				
* Intervals start[3]: 0, end[3]: 3251	
* Partition start[3]: 9753, end[3]: 13004	
* S[4] size: 3251 x 29081					
* isOptimized[4]: 0					
* hasReflection[4]: 1					
* hasDependences[4]: 1				
* hasToCalculateS[4]: 1				
* Intervals start[4]: 0, end[4]: 3251	
* Partition start[4]: 13004, end[4]: 16255	
* S[5] size: 3251 x 8418					
* isOptimized[5]: 0					
* hasReflection[5]: 1					
* hasDependences[5]: 1				
* hasToCalculateS[5]: 1				
* Intervals start[5]: 0, end[5]: 3251	
* Partition start[5]: 16255, end[5]: 19506	
* S[6] size: 3251 x 2053					
* isOptimized[6]: 0					
* hasReflection[6]: 1					
* hasDependences[6]: 1				
* hasToCalculateS[6]: 1				
* Intervals start[6]: 0, end[6]: 3251	
* Partition start[6]: 19506, end[6]: 22757	
* S[7] size: 3251 x 1995					
* isOptimized[7]: 0					
* hasReflection[7]: 1					
* hasDependences[7]: 1				
* hasToCalculateS[7]: 1				
* Intervals start[7]: 0, end[7]: 3251	
* Partition start[7]: 22757, end[7]: 26008	
* S[8] size: 3251 x 1921					
* isOptimized[8]: 0					
* hasReflection[8]: 1					
* hasDependences[8]: 1				
* hasToCalculateS[8]: 1				
* Intervals start[8]: 0, end[8]: 3251	
* Partition start[8]: 26008, end[8]: 29259	
* S[9] size: 3251 x 1925					
* isOptimized[9]: 0					
* hasReflection[9]: 1					
* hasDependences[9]: 1				
* hasToCalculateS[9]: 1				
* Intervals start[9]: 0, end[9]: 3251	
* Partition start[9]: 29259, end[9]: 32510	
* S[10] size: 3251 x 2019					
* isOptimized[10]: 0					
* hasReflection[10]: 1					
* hasDependences[10]: 1				
* hasToCalculateS[10]: 1				
* Intervals start[10]: 0, end[10]: 3251	
* Partition start[10]: 32510, end[10]: 35761	
* S[11] size: 3251 x 1853					
* isOptimized[11]: 0					
* hasReflection[11]: 1					
* hasDependences[11]: 1				
* hasToCalculateS[11]: 1				
* Intervals start[11]: 0, end[11]: 3251	
* Partition start[11]: 35761, end[11]: 39012	
* S[12] size: 3251 x 1990					
* isOptimized[12]: 0					
* hasReflection[12]: 1					
* hasDependences[12]: 1				
* hasToCalculateS[12]: 1				
* Intervals start[12]: 0, end[12]: 3251	
* Partition start[12]: 39012, end[12]: 42263	
* S[13] size: 3251 x 1935					
* isOptimized[13]: 0					
* hasReflection[13]: 1					
* hasDependences[13]: 1				
* hasToCalculateS[13]: 1				
* Intervals start[13]: 0, end[13]: 3251	
* Partition start[13]: 42263, end[13]: 45514	
* S[14] size: 3127 x 1671					
* isOptimized[14]: 0					
* hasReflection[14]: 1					
* hasDependences[14]: 1				
* hasToCalculateS[14]: 1				
* Intervals start[14]: 0, end[14]: 3127	
* Partition start[14]: 45514, end[14]: 48765	
* S[15] size: 0 x 0					
* isOptimized[15]: 0					
* hasReflection[15]: 1					
* hasDependences[15]: 0				
* hasToCalculateS[15]: 0				
* Intervals start[15]: 0, end[15]: 1	
* Partition start[15]: 48765, end[15]: 52016	
* S[16] size: 0 x 0					
* isOptimized[16]: 0					
* hasReflection[16]: 1					
* hasDependences[16]: 0				
* hasToCalculateS[16]: 0				
* Intervals start[16]: 0, end[16]: 1	
* Partition start[16]: 52016, end[16]: 55267	
* S[17] size: 0 x 0					
* isOptimized[17]: 0					
* hasReflection[17]: 1					
* hasDependences[17]: 0				
* hasToCalculateS[17]: 0				
* Intervals start[17]: 0, end[17]: 1	
* Partition start[17]: 55267, end[17]: 58518	
* S[18] size: 0 x 0					
* isOptimized[18]: 0					
* hasReflection[18]: 1					
* hasDependences[18]: 0				
* hasToCalculateS[18]: 0				
* Intervals start[18]: 0, end[18]: 1	
* Partition start[18]: 58518, end[18]: 61769	
* S[19] size: 0 x 0					
* isOptimized[19]: 0					
* hasReflection[19]: 1					
* hasDependences[19]: 0				
* hasToCalculateS[19]: 0				
* Intervals start[19]: 0, end[19]: 1	
* Partition start[19]: 61769, end[19]: 65025	
* * * * * * * * * * * * * * * * * * * * * * 

MKL Seq. Triangular Solver 	| Min. runtime: 0.6790 ms 	| Avg. runtime: 0.7231 ms
MKL Par. Triangular Solver 	| Min. runtime: 0.5131 ms 	| Avg. runtime: 0.5542 ms
SPARSKIT Triangular Solver 	| Min. runtime: 0.4871 ms 	| Avg. runtime: 0.5173 ms
Parallel Triangular Solver 	| Min. runtime: 18.8870 ms 	| Avg. runtime: 34.2752 ms
CUDA Sparse Matrix-Vector Mult. 	| Min. runtime: 0.1931 ms 	| Avg. runtime: 0.1986 ms
######-END: Tests on /home/paul/UNSA/directs/spike_pstrsv/exs/Original/Symmetric/Dubcova2.mtx-######



######-START: Tests on Upper Triangular /home/paul/UNSA/directs/spike_pstrsv/exs/Original/Symmetric/Dubcova3.mtx-######
NTHREAD: 2
* * * * * * * * * * * * * * * * * * * * * * 
* Matrix Information						
* ------------------						
* Reduced system size: 73345 x 73345				
* Reduced system nnzs: 73345 					
* S[0] size: 0 x 0					
* isOptimized[0]: 1					
* hasReflection[0]: 0					
* hasDependences[0]: 1				
* hasToCalculateS[0]: 0				
* Intervals start[0]: 73344, end[0]: 73344	
* Partition start[0]: 0, end[0]: 73344	
* S[1] size: 0 x 0					
* isOptimized[1]: 0					
* hasReflection[1]: 1					
* hasDependences[1]: 1				
* hasToCalculateS[1]: 0				
* Intervals start[1]: 0, end[1]: 1	
* Partition start[1]: 73344, end[1]: 146689	
* * * * * * * * * * * * * * * * * * * * * * 

MKL Seq. Triangular Solver 	| Min. runtime: 2.4731 ms 	| Avg. runtime: 2.5643 ms
MKL Par. Triangular Solver 	| Min. runtime: 1.9259 ms 	| Avg. runtime: 2.0604 ms
SPARSKIT Triangular Solver 	| Min. runtime: 1.9050 ms 	| Avg. runtime: 2.0071 ms
Parallel Triangular Solver 	| Min. runtime: 2.0902 ms 	| Avg. runtime: 2.2172 ms
CUDA Sparse Matrix-Vector Mult. 	| Min. runtime: 0.7900 ms 	| Avg. runtime: 0.8258 ms
NTHREAD: 4
* * * * * * * * * * * * * * * * * * * * * * 
* Matrix Information						
* ------------------						
* Reduced system size: 110017 x 110017				
* Reduced system nnzs: 0 					
* S[0] size: 0 x 0					
* isOptimized[0]: 1					
* hasReflection[0]: 0					
* hasDependences[0]: 1				
* hasToCalculateS[0]: 0				
* Intervals start[0]: 36672, end[0]: 36672	
* Partition start[0]: 0, end[0]: 36672	
* S[1] size: 36672 x 38953					
* isOptimized[1]: 0					
* hasReflection[1]: 1					
* hasDependences[1]: 1				
* hasToCalculateS[1]: 1				
* Intervals start[1]: 0, end[1]: 36672	
* Partition start[1]: 36672, end[1]: 73344	
* S[2] size: 36672 x 8273					
* isOptimized[2]: 0					
* hasReflection[2]: 1					
* hasDependences[2]: 1				
* hasToCalculateS[2]: 1				
* Intervals start[2]: 0, end[2]: 36672	
* Partition start[2]: 73344, end[2]: 110016	
* S[3] size: 0 x 0					
* isOptimized[3]: 0					
* hasReflection[3]: 1					
* hasDependences[3]: 0				
* hasToCalculateS[3]: 0				
* Intervals start[3]: 0, end[3]: 1	
* Partition start[3]: 110016, end[3]: 146689	
* * * * * * * * * * * * * * * * * * * * * * 

NTHREAD: 8
* * * * * * * * * * * * * * * * * * * * * * 
* Matrix Information						
* ------------------						
* Reduced system size: 128353 x 128353				
* Reduced system nnzs: 0 					
* S[0] size: 0 x 0					
* isOptimized[0]: 1					
* hasReflection[0]: 0					
* hasDependences[0]: 1				
* hasToCalculateS[0]: 0				
* Intervals start[0]: 18336, end[0]: 18336	
* Partition start[0]: 0, end[0]: 18336	
* S[1] size: 18336 x 20289					
* isOptimized[1]: 0					
* hasReflection[1]: 1					
* hasDependences[1]: 1				
* hasToCalculateS[1]: 1				
* Intervals start[1]: 0, end[1]: 18336	
* Partition start[1]: 18336, end[1]: 36672	
* S[2] size: 18336 x 20015					
* isOptimized[2]: 0					
* hasReflection[2]: 1					
* hasDependences[2]: 1				
* hasToCalculateS[2]: 1				
* Intervals start[2]: 0, end[2]: 18336	
* Partition start[2]: 36672, end[2]: 55008	
* S[3] size: 18336 x 19949					
* isOptimized[3]: 0					
* hasReflection[3]: 1					
* hasDependences[3]: 1				
* hasToCalculateS[3]: 1				
* Intervals start[3]: 0, end[3]: 18336	
* Partition start[3]: 55008, end[3]: 73344	
* S[4] size: 18336 x 8273					
* isOptimized[4]: 0					
* hasReflection[4]: 1					
* hasDependences[4]: 1				
* hasToCalculateS[4]: 1				
* Intervals start[4]: 0, end[4]: 18336	
* Partition start[4]: 73344, end[4]: 91680	
* S[5] size: 18336 x 1					
* isOptimized[5]: 0					
* hasReflection[5]: 1					
* hasDependences[5]: 1				
* hasToCalculateS[5]: 1				
* Intervals start[5]: 0, end[5]: 18336	
* Partition start[5]: 91680, end[5]: 110016	
* S[6] size: 18336 x 1					
* isOptimized[6]: 0					
* hasReflection[6]: 1					
* hasDependences[6]: 1				
* hasToCalculateS[6]: 1				
* Intervals start[6]: 0, end[6]: 18336	
* Partition start[6]: 110016, end[6]: 128352	
* S[7] size: 0 x 0					
* isOptimized[7]: 0					
* hasReflection[7]: 1					
* hasDependences[7]: 0				
* hasToCalculateS[7]: 0				
* Intervals start[7]: 0, end[7]: 1	
* Partition start[7]: 128352, end[7]: 146689	
* * * * * * * * * * * * * * * * * * * * * * 

NTHREAD: 10
* * * * * * * * * * * * * * * * * * * * * * 
* Matrix Information						
* ------------------						
* Reduced system size: 132021 x 132021				
* Reduced system nnzs: 0 					
* S[0] size: 0 x 0					
* isOptimized[0]: 1					
* hasReflection[0]: 0					
* hasDependences[0]: 1				
* hasToCalculateS[0]: 0				
* Intervals start[0]: 14668, end[0]: 14668	
* Partition start[0]: 0, end[0]: 14668	
* S[1] size: 14668 x 58919					
* isOptimized[1]: 0					
* hasReflection[1]: 1					
* hasDependences[1]: 1				
* hasToCalculateS[1]: 1				
* Intervals start[1]: 0, end[1]: 14668	
* Partition start[1]: 14668, end[1]: 29336	
* S[2] size: 14668 x 16333					
* isOptimized[2]: 0					
* hasReflection[2]: 1					
* hasDependences[2]: 1				
* hasToCalculateS[2]: 1				
* Intervals start[2]: 0, end[2]: 14668	
* Partition start[2]: 29336, end[2]: 44004	
* S[3] size: 14668 x 16135					
* isOptimized[3]: 0					
* hasReflection[3]: 1					
* hasDependences[3]: 1				
* hasToCalculateS[3]: 1				
* Intervals start[3]: 0, end[3]: 14668	
* Partition start[3]: 44004, end[3]: 58672	
* S[4] size: 14668 x 16129					
* isOptimized[4]: 0					
* hasReflection[4]: 1					
* hasDependences[4]: 1				
* hasToCalculateS[4]: 1				
* Intervals start[4]: 0, end[4]: 14668	
* Partition start[4]: 58672, end[4]: 73340	
* S[5] size: 14668 x 8277					
* isOptimized[5]: 0					
* hasReflection[5]: 1					
* hasDependences[5]: 1				
* hasToCalculateS[5]: 1				
* Intervals start[5]: 0, end[5]: 14668	
* Partition start[5]: 73340, end[5]: 88008	
* S[6] size: 14668 x 1					
* isOptimized[6]: 0					
* hasReflection[6]: 1					
* hasDependences[6]: 1				
* hasToCalculateS[6]: 1				
* Intervals start[6]: 0, end[6]: 14668	
* Partition start[6]: 88008, end[6]: 102676	
* S[7] size: 14668 x 1					
* isOptimized[7]: 0					
* hasReflection[7]: 1					
* hasDependences[7]: 1				
* hasToCalculateS[7]: 1				
* Intervals start[7]: 0, end[7]: 14668	
* Partition start[7]: 102676, end[7]: 117344	
* S[8] size: 14668 x 1					
* isOptimized[8]: 0					
* hasReflection[8]: 1					
* hasDependences[8]: 1				
* hasToCalculateS[8]: 1				
* Intervals start[8]: 0, end[8]: 14668	
* Partition start[8]: 117344, end[8]: 132012	
* S[9] size: 0 x 0					
* isOptimized[9]: 0					
* hasReflection[9]: 1					
* hasDependences[9]: 0				
* hasToCalculateS[9]: 0				
* Intervals start[9]: 0, end[9]: 1	
* Partition start[9]: 132012, end[9]: 146689	
* * * * * * * * * * * * * * * * * * * * * * 

NTHREAD: 16
* * * * * * * * * * * * * * * * * * * * * * 
* Matrix Information						
* ------------------						
* Reduced system size: 137153 x 137153				
* Reduced system nnzs: 0 					
* S[0] size: 0 x 0					
* isOptimized[0]: 1					
* hasReflection[0]: 0					
* hasDependences[0]: 1				
* hasToCalculateS[0]: 0				
* Intervals start[0]: 9168, end[0]: 9168	
* Partition start[0]: 0, end[0]: 9168	
* S[1] size: 9168 x 122719					
* isOptimized[1]: 0					
* hasReflection[1]: 1					
* hasDependences[1]: 1				
* hasToCalculateS[1]: 1				
* Intervals start[1]: 0, end[1]: 9168	
* Partition start[1]: 9168, end[1]: 18336	
* S[2] size: 9168 x 10399					
* isOptimized[2]: 0					
* hasReflection[2]: 1					
* hasDependences[2]: 1				
* hasToCalculateS[2]: 1				
* Intervals start[2]: 0, end[2]: 9168	
* Partition start[2]: 18336, end[2]: 27504	
* S[3] size: 9168 x 10725					
* isOptimized[3]: 0					
* hasReflection[3]: 1					
* hasDependences[3]: 1				
* hasToCalculateS[3]: 1				
* Intervals start[3]: 0, end[3]: 9168	
* Partition start[3]: 27504, end[3]: 36672	
* S[4] size: 9168 x 10287					
* isOptimized[4]: 0					
* hasReflection[4]: 1					
* hasDependences[4]: 1				
* hasToCalculateS[4]: 1				
* Intervals start[4]: 0, end[4]: 9168	
* Partition start[4]: 36672, end[4]: 45840	
* S[5] size: 9168 x 10413					
* isOptimized[5]: 0					
* hasReflection[5]: 1					
* hasDependences[5]: 1				
* hasToCalculateS[5]: 1				
* Intervals start[5]: 0, end[5]: 9168	
* Partition start[5]: 45840, end[5]: 55008	
* S[6] size: 9168 x 10101					
* isOptimized[6]: 0					
* hasReflection[6]: 1					
* hasDependences[6]: 1				
* hasToCalculateS[6]: 1				
* Intervals start[6]: 0, end[6]: 9168	
* Partition start[6]: 55008, end[6]: 64176	
* S[7] size: 9168 x 10261					
* isOptimized[7]: 0					
* hasReflection[7]: 1					
* hasDependences[7]: 1				
* hasToCalculateS[7]: 1				
* Intervals start[7]: 0, end[7]: 9168	
* Partition start[7]: 64176, end[7]: 73344	
* S[8] size: 9168 x 8273					
* isOptimized[8]: 0					
* hasReflection[8]: 1					
* hasDependences[8]: 1				
* hasToCalculateS[8]: 1				
* Intervals start[8]: 0, end[8]: 9168	
* Partition start[8]: 73344, end[8]: 82512	
* S[9] size: 9168 x 1					
* isOptimized[9]: 0					
* hasReflection[9]: 1					
* hasDependences[9]: 1				
* hasToCalculateS[9]: 1				
* Intervals start[9]: 0, end[9]: 9168	
* Partition start[9]: 82512, end[9]: 91680	
* S[10] size: 9168 x 1					
* isOptimized[10]: 0					
* hasReflection[10]: 1					
* hasDependences[10]: 1				
* hasToCalculateS[10]: 1				
* Intervals start[10]: 0, end[10]: 9168	
* Partition start[10]: 91680, end[10]: 100848	
* S[11] size: 9168 x 1					
* isOptimized[11]: 0					
* hasReflection[11]: 1					
* hasDependences[11]: 1				
* hasToCalculateS[11]: 1				
* Intervals start[11]: 0, end[11]: 9168	
* Partition start[11]: 100848, end[11]: 110016	
* S[12] size: 9168 x 1					
* isOptimized[12]: 0					
* hasReflection[12]: 1					
* hasDependences[12]: 1				
* hasToCalculateS[12]: 1				
* Intervals start[12]: 0, end[12]: 9168	
* Partition start[12]: 110016, end[12]: 119184	
* S[13] size: 9168 x 1					
* isOptimized[13]: 0					
* hasReflection[13]: 1					
* hasDependences[13]: 1				
* hasToCalculateS[13]: 1				
* Intervals start[13]: 0, end[13]: 9168	
* Partition start[13]: 119184, end[13]: 128352	
* S[14] size: 9168 x 1					
* isOptimized[14]: 0					
* hasReflection[14]: 1					
* hasDependences[14]: 1				
* hasToCalculateS[14]: 1				
* Intervals start[14]: 0, end[14]: 9168	
* Partition start[14]: 128352, end[14]: 137520	
* S[15] size: 0 x 0					
* isOptimized[15]: 0					
* hasReflection[15]: 1					
* hasDependences[15]: 0				
* hasToCalculateS[15]: 0				
* Intervals start[15]: 0, end[15]: 1	
* Partition start[15]: 137520, end[15]: 146689	
* * * * * * * * * * * * * * * * * * * * * * 

NTHREAD: 20
* * * * * * * * * * * * * * * * * * * * * * 
* Matrix Information						
* ------------------						
* Reduced system size: 138735 x 138735				
* Reduced system nnzs: 0 					
* S[0] size: 0 x 0					
* isOptimized[0]: 1					
* hasReflection[0]: 0					
* hasDependences[0]: 1				
* hasToCalculateS[0]: 0				
* Intervals start[0]: 7334, end[0]: 7334	
* Partition start[0]: 0, end[0]: 7334	
* S[1] size: 7334 x 125065					
* isOptimized[1]: 0					
* hasReflection[1]: 1					
* hasDependences[1]: 1				
* hasToCalculateS[1]: 1				
* Intervals start[1]: 0, end[1]: 7334	
* Partition start[1]: 7334, end[1]: 14668	
* S[2] size: 7334 x 53153					
* isOptimized[2]: 0					
* hasReflection[2]: 1					
* hasDependences[2]: 1				
* hasToCalculateS[2]: 1				
* Intervals start[2]: 0, end[2]: 7334	
* Partition start[2]: 14668, end[2]: 22002	
* S[3] size: 7334 x 8619					
* isOptimized[3]: 0					
* hasReflection[3]: 1					
* hasDependences[3]: 1				
* hasToCalculateS[3]: 1				
* Intervals start[3]: 0, end[3]: 7334	
* Partition start[3]: 22002, end[3]: 29336	
* S[4] size: 7334 x 8561					
* isOptimized[4]: 0					
* hasReflection[4]: 1					
* hasDependences[4]: 1				
* hasToCalculateS[4]: 1				
* Intervals start[4]: 0, end[4]: 7334	
* Partition start[4]: 29336, end[4]: 36670	
* S[5] size: 7334 x 8325					
* isOptimized[5]: 0					
* hasReflection[5]: 1					
* hasDependences[5]: 1				
* hasToCalculateS[5]: 1				
* Intervals start[5]: 0, end[5]: 7334	
* Partition start[5]: 36670, end[5]: 44004	
* S[6] size: 7334 x 8373					
* isOptimized[6]: 0					
* hasReflection[6]: 1					
* hasDependences[6]: 1				
* hasToCalculateS[6]: 1				
* Intervals start[6]: 0, end[6]: 7334	
* Partition start[6]: 44004, end[6]: 51338	
* S[7] size: 7334 x 8405					
* isOptimized[7]: 0					
* hasReflection[7]: 1					
* hasDependences[7]: 1				
* hasToCalculateS[7]: 1				
* Intervals start[7]: 0, end[7]: 7334	
* Partition start[7]: 51338, end[7]: 58672	
* S[8] size: 7334 x 8169					
* isOptimized[8]: 0					
* hasReflection[8]: 1					
* hasDependences[8]: 1				
* hasToCalculateS[8]: 1				
* Intervals start[8]: 0, end[8]: 7334	
* Partition start[8]: 58672, end[8]: 66006	
* S[9] size: 7334 x 8181					
* isOptimized[9]: 0					
* hasReflection[9]: 1					
* hasDependences[9]: 1				
* hasToCalculateS[9]: 1				
* Intervals start[9]: 0, end[9]: 7334	
* Partition start[9]: 66006, end[9]: 73340	
* S[10] size: 7334 x 7921					
* isOptimized[10]: 0					
* hasReflection[10]: 1					
* hasDependences[10]: 1				
* hasToCalculateS[10]: 1				
* Intervals start[10]: 0, end[10]: 7334	
* Partition start[10]: 73340, end[10]: 80674	
* S[11] size: 7334 x 557					
* isOptimized[11]: 0					
* hasReflection[11]: 1					
* hasDependences[11]: 1				
* hasToCalculateS[11]: 1				
* Intervals start[11]: 0, end[11]: 7334	
* Partition start[11]: 80674, end[11]: 88008	
* S[12] size: 7334 x 3					
* isOptimized[12]: 0					
* hasReflection[12]: 1					
* hasDependences[12]: 1				
* hasToCalculateS[12]: 1				
* Intervals start[12]: 0, end[12]: 7334	
* Partition start[12]: 88008, end[12]: 95342	
* S[13] size: 7334 x 1					
* isOptimized[13]: 0					
* hasReflection[13]: 1					
* hasDependences[13]: 1				
* hasToCalculateS[13]: 1				
* Intervals start[13]: 0, end[13]: 7334	
* Partition start[13]: 95342, end[13]: 102676	
* S[14] size: 7334 x 3					
* isOptimized[14]: 0					
* hasReflection[14]: 1					
* hasDependences[14]: 1				
* hasToCalculateS[14]: 1				
* Intervals start[14]: 0, end[14]: 7334	
* Partition start[14]: 102676, end[14]: 110010	
* S[15] size: 7334 x 1					
* isOptimized[15]: 0					
* hasReflection[15]: 1					
* hasDependences[15]: 1				
* hasToCalculateS[15]: 1				
* Intervals start[15]: 0, end[15]: 7334	
* Partition start[15]: 110010, end[15]: 117344	
* S[16] size: 7334 x 3					
* isOptimized[16]: 0					
* hasReflection[16]: 1					
* hasDependences[16]: 1				
* hasToCalculateS[16]: 1				
* Intervals start[16]: 0, end[16]: 7334	
* Partition start[16]: 117344, end[16]: 124678	
* S[17] size: 7334 x 1					
* isOptimized[17]: 0					
* hasReflection[17]: 1					
* hasDependences[17]: 1				
* hasToCalculateS[17]: 1				
* Intervals start[17]: 0, end[17]: 7334	
* Partition start[17]: 124678, end[17]: 132012	
* S[18] size: 7334 x 3					
* isOptimized[18]: 0					
* hasReflection[18]: 1					
* hasDependences[18]: 1				
* hasToCalculateS[18]: 1				
* Intervals start[18]: 0, end[18]: 7334	
* Partition start[18]: 132012, end[18]: 139346	
* S[19] size: 0 x 0					
* isOptimized[19]: 0					
* hasReflection[19]: 1					
* hasDependences[19]: 0				
* hasToCalculateS[19]: 0				
* Intervals start[19]: 0, end[19]: 1	
* Partition start[19]: 139346, end[19]: 146689	
* * * * * * * * * * * * * * * * * * * * * * 

######-END: Tests on /home/paul/UNSA/directs/spike_pstrsv/exs/Original/Symmetric/Dubcova3.mtx-######



######-START: Tests on Upper Triangular /home/paul/UNSA/directs/spike_pstrsv/exs/Original/Symmetric/FEM_3D_thermal1.mtx-######
NTHREAD: 2
* * * * * * * * * * * * * * * * * * * * * * 
* Matrix Information						
* ------------------						
* Reduced system size: 888 x 888				
* Reduced system nnzs: 888 					
* S[0] size: 0 x 0					
* isOptimized[0]: 1					
* hasReflection[0]: 0					
* hasDependences[0]: 1				
* hasToCalculateS[0]: 0				
* Intervals start[0]: 8940, end[0]: 8940	
* Partition start[0]: 0, end[0]: 8940	
* S[1] size: 0 x 0					
* isOptimized[1]: 0					
* hasReflection[1]: 1					
* hasDependences[1]: 1				
* hasToCalculateS[1]: 0				
* Intervals start[1]: 0, end[1]: 1	
* Partition start[1]: 8940, end[1]: 17880	
* * * * * * * * * * * * * * * * * * * * * * 

MKL Seq. Triangular Solver 	| Min. runtime: 0.4468 ms 	| Avg. runtime: 0.4746 ms
MKL Par. Triangular Solver 	| Min. runtime: 0.2592 ms 	| Avg. runtime: 0.2825 ms
SPARSKIT Triangular Solver 	| Min. runtime: 0.2539 ms 	| Avg. runtime: 0.2762 ms
Parallel Triangular Solver 	| Min. runtime: 0.2909 ms 	| Avg. runtime: 0.3226 ms
CUDA Sparse Matrix-Vector Mult. 	| Min. runtime: 0.1759 ms 	| Avg. runtime: 0.1815 ms
NTHREAD: 4
* * * * * * * * * * * * * * * * * * * * * * 
* Matrix Information						
* ------------------						
* Reduced system size: 1740 x 1740				
* Reduced system nnzs: 296798 					
* S[0] size: 0 x 0					
* isOptimized[0]: 1					
* hasReflection[0]: 0					
* hasDependences[0]: 1				
* hasToCalculateS[0]: 0				
* Intervals start[0]: 4470, end[0]: 4470	
* Partition start[0]: 0, end[0]: 4470	
* S[1] size: 4470 x 444					
* isOptimized[1]: 0					
* hasReflection[1]: 1					
* hasDependences[1]: 1				
* hasToCalculateS[1]: 1				
* Intervals start[1]: 0, end[1]: 4470	
* Partition start[1]: 4470, end[1]: 8940	
* S[2] size: 4470 x 444					
* isOptimized[2]: 0					
* hasReflection[2]: 1					
* hasDependences[2]: 1				
* hasToCalculateS[2]: 1				
* Intervals start[2]: 0, end[2]: 4470	
* Partition start[2]: 8940, end[2]: 13410	
* S[3] size: 0 x 0					
* isOptimized[3]: 0					
* hasReflection[3]: 1					
* hasDependences[3]: 1				
* hasToCalculateS[3]: 0				
* Intervals start[3]: 0, end[3]: 1	
* Partition start[3]: 13410, end[3]: 17880	
* * * * * * * * * * * * * * * * * * * * * * 

!!!spike_pstrsv 2-norm: 221.649288 != 0!!!
MKL Seq. Triangular Solver 	| Min. runtime: 0.4468 ms 	| Avg. runtime: 0.4729 ms
MKL Par. Triangular Solver 	| Min. runtime: 0.2530 ms 	| Avg. runtime: 0.2773 ms
SPARSKIT Triangular Solver 	| Min. runtime: 0.2592 ms 	| Avg. runtime: 0.2882 ms
Parallel Triangular Solver 	| Min. runtime: 0.3920 ms 	| Avg. runtime: 0.4645 ms
CUDA Sparse Matrix-Vector Mult. 	| Min. runtime: 0.1772 ms 	| Avg. runtime: 0.1843 ms
NTHREAD: 8
* * * * * * * * * * * * * * * * * * * * * * 
* Matrix Information						
* ------------------						
* Reduced system size: 2970 x 2970				
* Reduced system nnzs: 830184 					
* S[0] size: 0 x 0					
* isOptimized[0]: 1					
* hasReflection[0]: 0					
* hasDependences[0]: 1				
* hasToCalculateS[0]: 0				
* Intervals start[0]: 2235, end[0]: 2235	
* Partition start[0]: 0, end[0]: 2235	
* S[1] size: 2235 x 810					
* isOptimized[1]: 0					
* hasReflection[1]: 1					
* hasDependences[1]: 1				
* hasToCalculateS[1]: 1				
* Intervals start[1]: 0, end[1]: 2235	
* Partition start[1]: 2235, end[1]: 4470	
* S[2] size: 2235 x 409					
* isOptimized[2]: 0					
* hasReflection[2]: 1					
* hasDependences[2]: 1				
* hasToCalculateS[2]: 1				
* Intervals start[2]: 0, end[2]: 2235	
* Partition start[2]: 4470, end[2]: 6705	
* S[3] size: 2235 x 408					
* isOptimized[3]: 0					
* hasReflection[3]: 1					
* hasDependences[3]: 1				
* hasToCalculateS[3]: 1				
* Intervals start[3]: 0, end[3]: 2235	
* Partition start[3]: 6705, end[3]: 8940	
* S[4] size: 2235 x 409					
* isOptimized[4]: 0					
* hasReflection[4]: 1					
* hasDependences[4]: 1				
* hasToCalculateS[4]: 1				
* Intervals start[4]: 0, end[4]: 2235	
* Partition start[4]: 8940, end[4]: 11175	
* S[5] size: 2235 x 408					
* isOptimized[5]: 0					
* hasReflection[5]: 1					
* hasDependences[5]: 1				
* hasToCalculateS[5]: 1				
* Intervals start[5]: 0, end[5]: 2235	
* Partition start[5]: 11175, end[5]: 13410	
* S[6] size: 2235 x 272					
* isOptimized[6]: 0					
* hasReflection[6]: 1					
* hasDependences[6]: 1				
* hasToCalculateS[6]: 1				
* Intervals start[6]: 0, end[6]: 2235	
* Partition start[6]: 13410, end[6]: 15645	
* S[7] size: 0 x 0					
* isOptimized[7]: 0					
* hasReflection[7]: 1					
* hasDependences[7]: 1				
* hasToCalculateS[7]: 0				
* Intervals start[7]: 0, end[7]: 1	
* Partition start[7]: 15645, end[7]: 17880	
* * * * * * * * * * * * * * * * * * * * * * 

!!!spike_pstrsv 2-norm: 298.573330 != 0!!!
MKL Seq. Triangular Solver 	| Min. runtime: 0.4468 ms 	| Avg. runtime: 0.4674 ms
MKL Par. Triangular Solver 	| Min. runtime: 0.2530 ms 	| Avg. runtime: 0.2765 ms
SPARSKIT Triangular Solver 	| Min. runtime: 0.2551 ms 	| Avg. runtime: 0.2784 ms
Parallel Triangular Solver 	| Min. runtime: 0.8411 ms 	| Avg. runtime: 0.9073 ms
CUDA Sparse Matrix-Vector Mult. 	| Min. runtime: 0.1776 ms 	| Avg. runtime: 0.1825 ms
NTHREAD: 10
* * * * * * * * * * * * * * * * * * * * * * 
* Matrix Information						
* ------------------						
* Reduced system size: 3040 x 3040				
* Reduced system nnzs: 602712 					
* S[0] size: 0 x 0					
* isOptimized[0]: 1					
* hasReflection[0]: 0					
* hasDependences[0]: 1				
* hasToCalculateS[0]: 0				
* Intervals start[0]: 1788, end[0]: 1788	
* Partition start[0]: 0, end[0]: 1788	
* S[1] size: 1788 x 156					
* isOptimized[1]: 0					
* hasReflection[1]: 1					
* hasDependences[1]: 1				
* hasToCalculateS[1]: 1				
* Intervals start[1]: 0, end[1]: 1788	
* Partition start[1]: 1788, end[1]: 3576	
* S[2] size: 1788 x 756					
* isOptimized[2]: 0					
* hasReflection[2]: 1					
* hasDependences[2]: 1				
* hasToCalculateS[2]: 1				
* Intervals start[2]: 0, end[2]: 1788	
* Partition start[2]: 3576, end[2]: 5364	
* S[3] size: 1788 x 402					
* isOptimized[3]: 0					
* hasReflection[3]: 1					
* hasDependences[3]: 1				
* hasToCalculateS[3]: 1				
* Intervals start[3]: 0, end[3]: 1788	
* Partition start[3]: 5364, end[3]: 7152	
* S[4] size: 1788 x 402					
* isOptimized[4]: 0					
* hasReflection[4]: 1					
* hasDependences[4]: 1				
* hasToCalculateS[4]: 1				
* Intervals start[4]: 0, end[4]: 1788	
* Partition start[4]: 7152, end[4]: 8940	
* S[5] size: 1788 x 402					
* isOptimized[5]: 0					
* hasReflection[5]: 1					
* hasDependences[5]: 1				
* hasToCalculateS[5]: 1				
* Intervals start[5]: 0, end[5]: 1788	
* Partition start[5]: 8940, end[5]: 10728	
* S[6] size: 1788 x 402					
* isOptimized[6]: 0					
* hasReflection[6]: 1					
* hasDependences[6]: 1				
* hasToCalculateS[6]: 1				
* Intervals start[6]: 0, end[6]: 1788	
* Partition start[6]: 10728, end[6]: 12516	
* S[7] size: 1788 x 174					
* isOptimized[7]: 0					
* hasReflection[7]: 1					
* hasDependences[7]: 1				
* hasToCalculateS[7]: 1				
* Intervals start[7]: 0, end[7]: 1788	
* Partition start[7]: 12516, end[7]: 14304	
* S[8] size: 1788 x 212					
* isOptimized[8]: 0					
* hasReflection[8]: 1					
* hasDependences[8]: 1				
* hasToCalculateS[8]: 1				
* Intervals start[8]: 0, end[8]: 1788	
* Partition start[8]: 14304, end[8]: 16092	
* S[9] size: 0 x 0					
* isOptimized[9]: 0					
* hasReflection[9]: 1					
* hasDependences[9]: 1				
* hasToCalculateS[9]: 0				
* Intervals start[9]: 0, end[9]: 1	
* Partition start[9]: 16092, end[9]: 17880	
* * * * * * * * * * * * * * * * * * * * * * 

!!!spike_pstrsv 2-norm: 406.811117 != 0!!!
MKL Seq. Triangular Solver 	| Min. runtime: 0.4480 ms 	| Avg. runtime: 0.4744 ms
MKL Par. Triangular Solver 	| Min. runtime: 0.2530 ms 	| Avg. runtime: 0.2811 ms
SPARSKIT Triangular Solver 	| Min. runtime: 0.2599 ms 	| Avg. runtime: 0.2761 ms
Parallel Triangular Solver 	| Min. runtime: 0.6189 ms 	| Avg. runtime: 0.7597 ms
CUDA Sparse Matrix-Vector Mult. 	| Min. runtime: 0.1771 ms 	| Avg. runtime: 0.1860 ms
NTHREAD: 16
* * * * * * * * * * * * * * * * * * * * * * 
* Matrix Information						
* ------------------						
* Reduced system size: 4914 x 4914				
* Reduced system nnzs: 1181029 					
* S[0] size: 0 x 0					
* isOptimized[0]: 1					
* hasReflection[0]: 0					
* hasDependences[0]: 1				
* hasToCalculateS[0]: 0				
* Intervals start[0]: 1117, end[0]: 1117	
* Partition start[0]: 0, end[0]: 1117	
* S[1] size: 1117 x 199					
* isOptimized[1]: 0					
* hasReflection[1]: 1					
* hasDependences[1]: 1				
* hasToCalculateS[1]: 1				
* Intervals start[1]: 0, end[1]: 1117	
* Partition start[1]: 1117, end[1]: 2234	
* S[2] size: 1117 x 199					
* isOptimized[2]: 0					
* hasReflection[2]: 1					
* hasDependences[2]: 1				
* hasToCalculateS[2]: 1				
* Intervals start[2]: 0, end[2]: 1117	
* Partition start[2]: 2234, end[2]: 3351	
* S[3] size: 1117 x 757					
* isOptimized[3]: 0					
* hasReflection[3]: 1					
* hasDependences[3]: 1				
* hasToCalculateS[3]: 1				
* Intervals start[3]: 0, end[3]: 1117	
* Partition start[3]: 3351, end[3]: 4468	
* S[4] size: 1117 x 391					
* isOptimized[4]: 0					
* hasReflection[4]: 1					
* hasDependences[4]: 1				
* hasToCalculateS[4]: 1				
* Intervals start[4]: 0, end[4]: 1117	
* Partition start[4]: 4468, end[4]: 5585	
* S[5] size: 1117 x 390					
* isOptimized[5]: 0					
* hasReflection[5]: 1					
* hasDependences[5]: 1				
* hasToCalculateS[5]: 1				
* Intervals start[5]: 0, end[5]: 1117	
* Partition start[5]: 5585, end[5]: 6702	
* S[6] size: 1117 x 391					
* isOptimized[6]: 0					
* hasReflection[6]: 1					
* hasDependences[6]: 1				
* hasToCalculateS[6]: 1				
* Intervals start[6]: 0, end[6]: 1117	
* Partition start[6]: 6702, end[6]: 7819	
* S[7] size: 1117 x 391					
* isOptimized[7]: 0					
* hasReflection[7]: 1					
* hasDependences[7]: 1				
* hasToCalculateS[7]: 1				
* Intervals start[7]: 0, end[7]: 1117	
* Partition start[7]: 7819, end[7]: 8936	
* S[8] size: 1117 x 396					
* isOptimized[8]: 0					
* hasReflection[8]: 1					
* hasDependences[8]: 1				
* hasToCalculateS[8]: 1				
* Intervals start[8]: 0, end[8]: 1117	
* Partition start[8]: 8936, end[8]: 10053	
* S[9] size: 1117 x 391					
* isOptimized[9]: 0					
* hasReflection[9]: 1					
* hasDependences[9]: 1				
* hasToCalculateS[9]: 1				
* Intervals start[9]: 0, end[9]: 1117	
* Partition start[9]: 10053, end[9]: 11170	
* S[10] size: 1117 x 391					
* isOptimized[10]: 0					
* hasReflection[10]: 1					
* hasDependences[10]: 1				
* hasToCalculateS[10]: 1				
* Intervals start[10]: 0, end[10]: 1117	
* Partition start[10]: 11170, end[10]: 12287	
* S[11] size: 1117 x 390					
* isOptimized[11]: 0					
* hasReflection[11]: 1					
* hasDependences[11]: 1				
* hasToCalculateS[11]: 1				
* Intervals start[11]: 0, end[11]: 1117	
* Partition start[11]: 12287, end[11]: 13404	
* S[12] size: 1117 x 272					
* isOptimized[12]: 0					
* hasReflection[12]: 1					
* hasDependences[12]: 1				
* hasToCalculateS[12]: 1				
* Intervals start[12]: 0, end[12]: 1117	
* Partition start[12]: 13404, end[12]: 14521	
* S[13] size: 1117 x 133					
* isOptimized[13]: 0					
* hasReflection[13]: 1					
* hasDependences[13]: 1				
* hasToCalculateS[13]: 1				
* Intervals start[13]: 0, end[13]: 1117	
* Partition start[13]: 14521, end[13]: 15638	
* S[14] size: 1117 x 133					
* isOptimized[14]: 0					
* hasReflection[14]: 1					
* hasDependences[14]: 1				
* hasToCalculateS[14]: 1				
* Intervals start[14]: 0, end[14]: 1117	
* Partition start[14]: 15638, end[14]: 16755	
* S[15] size: 0 x 0					
* isOptimized[15]: 0					
* hasReflection[15]: 1					
* hasDependences[15]: 1				
* hasToCalculateS[15]: 0				
* Intervals start[15]: 0, end[15]: 1	
* Partition start[15]: 16755, end[15]: 17880	
* * * * * * * * * * * * * * * * * * * * * * 

!!!spike_pstrsv 2-norm: 568.740604 != 0!!!
MKL Seq. Triangular Solver 	| Min. runtime: 0.4580 ms 	| Avg. runtime: 0.4775 ms
MKL Par. Triangular Solver 	| Min. runtime: 0.2639 ms 	| Avg. runtime: 0.2810 ms
SPARSKIT Triangular Solver 	| Min. runtime: 0.2639 ms 	| Avg. runtime: 0.2828 ms
Parallel Triangular Solver 	| Min. runtime: 1.8001 ms 	| Avg. runtime: 3.8760 ms
CUDA Sparse Matrix-Vector Mult. 	| Min. runtime: 0.1778 ms 	| Avg. runtime: 0.1822 ms
NTHREAD: 20
* * * * * * * * * * * * * * * * * * * * * * 
* Matrix Information						
* ------------------						
* Reduced system size: 5684 x 5684				
* Reduced system nnzs: 1095554 					
* S[0] size: 0 x 0					
* isOptimized[0]: 1					
* hasReflection[0]: 0					
* hasDependences[0]: 1				
* hasToCalculateS[0]: 0				
* Intervals start[0]: 894, end[0]: 894	
* Partition start[0]: 0, end[0]: 894	
* S[1] size: 894 x 187					
* isOptimized[1]: 0					
* hasReflection[1]: 1					
* hasDependences[1]: 1				
* hasToCalculateS[1]: 1				
* Intervals start[1]: 0, end[1]: 894	
* Partition start[1]: 894, end[1]: 1788	
* S[2] size: 894 x 193					
* isOptimized[2]: 0					
* hasReflection[2]: 1					
* hasDependences[2]: 1				
* hasToCalculateS[2]: 1				
* Intervals start[2]: 0, end[2]: 894	
* Partition start[2]: 1788, end[2]: 2682	
* S[3] size: 894 x 108					
* isOptimized[3]: 0					
* hasReflection[3]: 1					
* hasDependences[3]: 1				
* hasToCalculateS[3]: 1				
* Intervals start[3]: 0, end[3]: 894	
* Partition start[3]: 2682, end[3]: 3576	
* S[4] size: 894 x 744					
* isOptimized[4]: 0					
* hasReflection[4]: 1					
* hasDependences[4]: 1				
* hasToCalculateS[4]: 1				
* Intervals start[4]: 0, end[4]: 894	
* Partition start[4]: 3576, end[4]: 4470	
* S[5] size: 894 x 384					
* isOptimized[5]: 0					
* hasReflection[5]: 1					
* hasDependences[5]: 1				
* hasToCalculateS[5]: 1				
* Intervals start[5]: 0, end[5]: 894	
* Partition start[5]: 4470, end[5]: 5364	
* S[6] size: 894 x 390					
* isOptimized[6]: 0					
* hasReflection[6]: 1					
* hasDependences[6]: 1				
* hasToCalculateS[6]: 1				
* Intervals start[6]: 0, end[6]: 894	
* Partition start[6]: 5364, end[6]: 6258	
* S[7] size: 894 x 384					
* isOptimized[7]: 0					
* hasReflection[7]: 1					
* hasDependences[7]: 1				
* hasToCalculateS[7]: 1				
* Intervals start[7]: 0, end[7]: 894	
* Partition start[7]: 6258, end[7]: 7152	
* S[8] size: 894 x 390					
* isOptimized[8]: 0					
* hasReflection[8]: 1					
* hasDependences[8]: 1				
* hasToCalculateS[8]: 1				
* Intervals start[8]: 0, end[8]: 894	
* Partition start[8]: 7152, end[8]: 8046	
* S[9] size: 894 x 384					
* isOptimized[9]: 0					
* hasReflection[9]: 1					
* hasDependences[9]: 1				
* hasToCalculateS[9]: 1				
* Intervals start[9]: 0, end[9]: 894	
* Partition start[9]: 8046, end[9]: 8940	
* S[10] size: 894 x 384					
* isOptimized[10]: 0					
* hasReflection[10]: 1					
* hasDependences[10]: 1				
* hasToCalculateS[10]: 1				
* Intervals start[10]: 0, end[10]: 894	
* Partition start[10]: 8940, end[10]: 9834	
* S[11] size: 894 x 390					
* isOptimized[11]: 0					
* hasReflection[11]: 1					
* hasDependences[11]: 1				
* hasToCalculateS[11]: 1				
* Intervals start[11]: 0, end[11]: 894	
* Partition start[11]: 9834, end[11]: 10728	
* S[12] size: 894 x 384					
* isOptimized[12]: 0					
* hasReflection[12]: 1					
* hasDependences[12]: 1				
* hasToCalculateS[12]: 1				
* Intervals start[12]: 0, end[12]: 894	
* Partition start[12]: 10728, end[12]: 11622	
* S[13] size: 894 x 390					
* isOptimized[13]: 0					
* hasReflection[13]: 1					
* hasDependences[13]: 1				
* hasToCalculateS[13]: 1				
* Intervals start[13]: 0, end[13]: 894	
* Partition start[13]: 11622, end[13]: 12516	
* S[14] size: 894 x 384					
* isOptimized[14]: 0					
* hasReflection[14]: 1					
* hasDependences[14]: 1				
* hasToCalculateS[14]: 1				
* Intervals start[14]: 0, end[14]: 894	
* Partition start[14]: 12516, end[14]: 13410	
* S[15] size: 894 x 162					
* isOptimized[15]: 0					
* hasReflection[15]: 1					
* hasDependences[15]: 1				
* hasToCalculateS[15]: 1				
* Intervals start[15]: 0, end[15]: 894	
* Partition start[15]: 13410, end[15]: 14304	
* S[16] size: 894 x 212					
* isOptimized[16]: 0					
* hasReflection[16]: 1					
* hasDependences[16]: 1				
* hasToCalculateS[16]: 1				
* Intervals start[16]: 0, end[16]: 894	
* Partition start[16]: 14304, end[16]: 15198	
* S[17] size: 894 x 133					
* isOptimized[17]: 0					
* hasReflection[17]: 1					
* hasDependences[17]: 1				
* hasToCalculateS[17]: 1				
* Intervals start[17]: 0, end[17]: 894	
* Partition start[17]: 15198, end[17]: 16092	
* S[18] size: 894 x 133					
* isOptimized[18]: 0					
* hasReflection[18]: 1					
* hasDependences[18]: 1				
* hasToCalculateS[18]: 1				
* Intervals start[18]: 0, end[18]: 894	
* Partition start[18]: 16092, end[18]: 16986	
* S[19] size: 0 x 0					
* isOptimized[19]: 0					
* hasReflection[19]: 1					
* hasDependences[19]: 1				
* hasToCalculateS[19]: 0				
* Intervals start[19]: 0, end[19]: 1	
* Partition start[19]: 16986, end[19]: 17880	
* * * * * * * * * * * * * * * * * * * * * * 

!!!spike_pstrsv 2-norm: 532.864086 != 0!!!
MKL Seq. Triangular Solver 	| Min. runtime: 0.4580 ms 	| Avg. runtime: 0.4777 ms
MKL Par. Triangular Solver 	| Min. runtime: 0.2608 ms 	| Avg. runtime: 0.2801 ms
SPARSKIT Triangular Solver 	| Min. runtime: 0.2620 ms 	| Avg. runtime: 0.2746 ms
Parallel Triangular Solver 	| Min. runtime: 1.7860 ms 	| Avg. runtime: 3.6338 ms
CUDA Sparse Matrix-Vector Mult. 	| Min. runtime: 0.1781 ms 	| Avg. runtime: 0.1856 ms
######-END: Tests on /home/paul/UNSA/directs/spike_pstrsv/exs/Original/Symmetric/FEM_3D_thermal1.mtx-######



######-START: Tests on Upper Triangular /home/paul/UNSA/directs/spike_pstrsv/exs/Original/Symmetric/pwtk.mtx-######
NTHREAD: 2
NTHREAD: 4
NTHREAD: 8
NTHREAD: 10
NTHREAD: 16
NTHREAD: 20
######-END: Tests on /home/paul/UNSA/directs/spike_pstrsv/exs/Original/Symmetric/pwtk.mtx-######



######-START: Tests on Upper Triangular /home/paul/UNSA/directs/spike_pstrsv/exs/Original/PatternSymmetric/apache2.mtx-######
NTHREAD: 2
NTHREAD: 4
NTHREAD: 8
NTHREAD: 10
NTHREAD: 16
NTHREAD: 20
######-END: Tests on /home/paul/UNSA/directs/spike_pstrsv/exs/Original/PatternSymmetric/apache2.mtx-######



######-START: Tests on Upper Triangular /home/paul/UNSA/directs/spike_pstrsv/exs/Original/PatternSymmetric/bmwcra_1.mtx-######
NTHREAD: 2
* * * * * * * * * * * * * * * * * * * * * * 
* Matrix Information						
* ------------------						
* Reduced system size: 0 x 0				
* Reduced system nnzs: 0 					
* S[0] size: 0 x 0					
* isOptimized[0]: 0					
* hasReflection[0]: 0					
* hasDependences[0]: 0				
* hasToCalculateS[0]: 0				
* Intervals start[0]: 0, end[0]: 0	
* Partition start[0]: 0, end[0]: 74385	
* S[1] size: 0 x 0					
* isOptimized[1]: 0					
* hasReflection[1]: 0					
* hasDependences[1]: 0				
* hasToCalculateS[1]: 0				
* Intervals start[1]: 0, end[1]: 0	
* Partition start[1]: 74385, end[1]: 148770	
* * * * * * * * * * * * * * * * * * * * * * 

MKL Seq. Triangular Solver 	| Min. runtime: 0.3269 ms 	| Avg. runtime: 0.3532 ms
MKL Par. Triangular Solver 	| Min. runtime: 0.2360 ms 	| Avg. runtime: 0.2540 ms
SPARSKIT Triangular Solver 	| Min. runtime: 0.1400 ms 	| Avg. runtime: 0.1452 ms
Parallel Triangular Solver 	| Min. runtime: 0.0730 ms 	| Avg. runtime: 0.0766 ms
CUDA Sparse Matrix-Vector Mult. 	| Min. runtime: 0.0488 ms 	| Avg. runtime: 0.0552 ms
NTHREAD: 4
* * * * * * * * * * * * * * * * * * * * * * 
* Matrix Information						
* ------------------						
* Reduced system size: 0 x 0				
* Reduced system nnzs: 0 					
* S[0] size: 0 x 0					
* isOptimized[0]: 0					
* hasReflection[0]: 0					
* hasDependences[0]: 0				
* hasToCalculateS[0]: 0				
* Intervals start[0]: 0, end[0]: 0	
* Partition start[0]: 0, end[0]: 37192	
* S[1] size: 0 x 0					
* isOptimized[1]: 0					
* hasReflection[1]: 0					
* hasDependences[1]: 0				
* hasToCalculateS[1]: 0				
* Intervals start[1]: 0, end[1]: 0	
* Partition start[1]: 37192, end[1]: 74384	
* S[2] size: 0 x 0					
* isOptimized[2]: 0					
* hasReflection[2]: 0					
* hasDependences[2]: 0				
* hasToCalculateS[2]: 0				
* Intervals start[2]: 0, end[2]: 0	
* Partition start[2]: 74384, end[2]: 111576	
* S[3] size: 0 x 0					
* isOptimized[3]: 0					
* hasReflection[3]: 0					
* hasDependences[3]: 0				
* hasToCalculateS[3]: 0				
* Intervals start[3]: 0, end[3]: 0	
* Partition start[3]: 111576, end[3]: 148770	
* * * * * * * * * * * * * * * * * * * * * * 

MKL Seq. Triangular Solver 	| Min. runtime: 0.3378 ms 	| Avg. runtime: 0.3600 ms
MKL Par. Triangular Solver 	| Min. runtime: 0.2449 ms 	| Avg. runtime: 0.2569 ms
SPARSKIT Triangular Solver 	| Min. runtime: 0.1409 ms 	| Avg. runtime: 0.1453 ms
Parallel Triangular Solver 	| Min. runtime: 0.0379 ms 	| Avg. runtime: 0.0459 ms
CUDA Sparse Matrix-Vector Mult. 	| Min. runtime: 0.0485 ms 	| Avg. runtime: 0.0532 ms
NTHREAD: 8
* * * * * * * * * * * * * * * * * * * * * * 
* Matrix Information						
* ------------------						
* Reduced system size: 0 x 0				
* Reduced system nnzs: 0 					
* S[0] size: 0 x 0					
* isOptimized[0]: 0					
* hasReflection[0]: 0					
* hasDependences[0]: 0				
* hasToCalculateS[0]: 0				
* Intervals start[0]: 0, end[0]: 0	
* Partition start[0]: 0, end[0]: 18596	
* S[1] size: 0 x 0					
* isOptimized[1]: 0					
* hasReflection[1]: 0					
* hasDependences[1]: 0				
* hasToCalculateS[1]: 0				
* Intervals start[1]: 0, end[1]: 0	
* Partition start[1]: 18596, end[1]: 37192	
* S[2] size: 0 x 0					
* isOptimized[2]: 0					
* hasReflection[2]: 0					
* hasDependences[2]: 0				
* hasToCalculateS[2]: 0				
* Intervals start[2]: 0, end[2]: 0	
* Partition start[2]: 37192, end[2]: 55788	
* S[3] size: 0 x 0					
* isOptimized[3]: 0					
* hasReflection[3]: 0					
* hasDependences[3]: 0				
* hasToCalculateS[3]: 0				
* Intervals start[3]: 0, end[3]: 0	
* Partition start[3]: 55788, end[3]: 74384	
* S[4] size: 0 x 0					
* isOptimized[4]: 0					
* hasReflection[4]: 0					
* hasDependences[4]: 0				
* hasToCalculateS[4]: 0				
* Intervals start[4]: 0, end[4]: 0	
* Partition start[4]: 74384, end[4]: 92980	
* S[5] size: 0 x 0					
* isOptimized[5]: 0					
* hasReflection[5]: 0					
* hasDependences[5]: 0				
* hasToCalculateS[5]: 0				
* Intervals start[5]: 0, end[5]: 0	
* Partition start[5]: 92980, end[5]: 111576	
* S[6] size: 0 x 0					
* isOptimized[6]: 0					
* hasReflection[6]: 0					
* hasDependences[6]: 0				
* hasToCalculateS[6]: 0				
* Intervals start[6]: 0, end[6]: 0	
* Partition start[6]: 111576, end[6]: 130172	
* S[7] size: 0 x 0					
* isOptimized[7]: 0					
* hasReflection[7]: 0					
* hasDependences[7]: 0				
* hasToCalculateS[7]: 0				
* Intervals start[7]: 0, end[7]: 0	
* Partition start[7]: 130172, end[7]: 148770	
* * * * * * * * * * * * * * * * * * * * * * 

MKL Seq. Triangular Solver 	| Min. runtime: 0.3338 ms 	| Avg. runtime: 0.3496 ms
MKL Par. Triangular Solver 	| Min. runtime: 0.2408 ms 	| Avg. runtime: 0.2473 ms
SPARSKIT Triangular Solver 	| Min. runtime: 0.1400 ms 	| Avg. runtime: 0.1477 ms
Parallel Triangular Solver 	| Min. runtime: 0.0389 ms 	| Avg. runtime: 0.0409 ms
CUDA Sparse Matrix-Vector Mult. 	| Min. runtime: 0.0488 ms 	| Avg. runtime: 0.0584 ms
NTHREAD: 10
* * * * * * * * * * * * * * * * * * * * * * 
* Matrix Information						
* ------------------						
* Reduced system size: 0 x 0				
* Reduced system nnzs: 0 					
* S[0] size: 0 x 0					
* isOptimized[0]: 0					
* hasReflection[0]: 0					
* hasDependences[0]: 0				
* hasToCalculateS[0]: 0				
* Intervals start[0]: 0, end[0]: 0	
* Partition start[0]: 0, end[0]: 14877	
* S[1] size: 0 x 0					
* isOptimized[1]: 0					
* hasReflection[1]: 0					
* hasDependences[1]: 0				
* hasToCalculateS[1]: 0				
* Intervals start[1]: 0, end[1]: 0	
* Partition start[1]: 14877, end[1]: 29754	
* S[2] size: 0 x 0					
* isOptimized[2]: 0					
* hasReflection[2]: 0					
* hasDependences[2]: 0				
* hasToCalculateS[2]: 0				
* Intervals start[2]: 0, end[2]: 0	
* Partition start[2]: 29754, end[2]: 44631	
* S[3] size: 0 x 0					
* isOptimized[3]: 0					
* hasReflection[3]: 0					
* hasDependences[3]: 0				
* hasToCalculateS[3]: 0				
* Intervals start[3]: 0, end[3]: 0	
* Partition start[3]: 44631, end[3]: 59508	
* S[4] size: 0 x 0					
* isOptimized[4]: 0					
* hasReflection[4]: 0					
* hasDependences[4]: 0				
* hasToCalculateS[4]: 0				
* Intervals start[4]: 0, end[4]: 0	
* Partition start[4]: 59508, end[4]: 74385	
* S[5] size: 0 x 0					
* isOptimized[5]: 0					
* hasReflection[5]: 0					
* hasDependences[5]: 0				
* hasToCalculateS[5]: 0				
* Intervals start[5]: 0, end[5]: 0	
* Partition start[5]: 74385, end[5]: 89262	
* S[6] size: 0 x 0					
* isOptimized[6]: 0					
* hasReflection[6]: 0					
* hasDependences[6]: 0				
* hasToCalculateS[6]: 0				
* Intervals start[6]: 0, end[6]: 0	
* Partition start[6]: 89262, end[6]: 104139	
* S[7] size: 0 x 0					
* isOptimized[7]: 0					
* hasReflection[7]: 0					
* hasDependences[7]: 0				
* hasToCalculateS[7]: 0				
* Intervals start[7]: 0, end[7]: 0	
* Partition start[7]: 104139, end[7]: 119016	
* S[8] size: 0 x 0					
* isOptimized[8]: 0					
* hasReflection[8]: 0					
* hasDependences[8]: 0				
* hasToCalculateS[8]: 0				
* Intervals start[8]: 0, end[8]: 0	
* Partition start[8]: 119016, end[8]: 133893	
* S[9] size: 0 x 0					
* isOptimized[9]: 0					
* hasReflection[9]: 0					
* hasDependences[9]: 0				
* hasToCalculateS[9]: 0				
* Intervals start[9]: 0, end[9]: 0	
* Partition start[9]: 133893, end[9]: 148770	
* * * * * * * * * * * * * * * * * * * * * * 

MKL Seq. Triangular Solver 	| Min. runtime: 0.3269 ms 	| Avg. runtime: 0.3495 ms
MKL Par. Triangular Solver 	| Min. runtime: 0.2408 ms 	| Avg. runtime: 0.2518 ms
SPARSKIT Triangular Solver 	| Min. runtime: 0.1400 ms 	| Avg. runtime: 0.1434 ms
Parallel Triangular Solver 	| Min. runtime: 0.0319 ms 	| Avg. runtime: 0.0374 ms
CUDA Sparse Matrix-Vector Mult. 	| Min. runtime: 0.0489 ms 	| Avg. runtime: 0.0524 ms
NTHREAD: 16
* * * * * * * * * * * * * * * * * * * * * * 
* Matrix Information						
* ------------------						
* Reduced system size: 0 x 0				
* Reduced system nnzs: 0 					
* S[0] size: 0 x 0					
* isOptimized[0]: 0					
* hasReflection[0]: 0					
* hasDependences[0]: 0				
* hasToCalculateS[0]: 0				
* Intervals start[0]: 0, end[0]: 0	
* Partition start[0]: 0, end[0]: 9298	
* S[1] size: 0 x 0					
* isOptimized[1]: 0					
* hasReflection[1]: 0					
* hasDependences[1]: 0				
* hasToCalculateS[1]: 0				
* Intervals start[1]: 0, end[1]: 0	
* Partition start[1]: 9298, end[1]: 18596	
* S[2] size: 0 x 0					
* isOptimized[2]: 0					
* hasReflection[2]: 0					
* hasDependences[2]: 0				
* hasToCalculateS[2]: 0				
* Intervals start[2]: 0, end[2]: 0	
* Partition start[2]: 18596, end[2]: 27894	
* S[3] size: 0 x 0					
* isOptimized[3]: 0					
* hasReflection[3]: 0					
* hasDependences[3]: 0				
* hasToCalculateS[3]: 0				
* Intervals start[3]: 0, end[3]: 0	
* Partition start[3]: 27894, end[3]: 37192	
* S[4] size: 0 x 0					
* isOptimized[4]: 0					
* hasReflection[4]: 0					
* hasDependences[4]: 0				
* hasToCalculateS[4]: 0				
* Intervals start[4]: 0, end[4]: 0	
* Partition start[4]: 37192, end[4]: 46490	
* S[5] size: 0 x 0					
* isOptimized[5]: 0					
* hasReflection[5]: 0					
* hasDependences[5]: 0				
* hasToCalculateS[5]: 0				
* Intervals start[5]: 0, end[5]: 0	
* Partition start[5]: 46490, end[5]: 55788	
* S[6] size: 0 x 0					
* isOptimized[6]: 0					
* hasReflection[6]: 0					
* hasDependences[6]: 0				
* hasToCalculateS[6]: 0				
* Intervals start[6]: 0, end[6]: 0	
* Partition start[6]: 55788, end[6]: 65086	
* S[7] size: 0 x 0					
* isOptimized[7]: 0					
* hasReflection[7]: 0					
* hasDependences[7]: 0				
* hasToCalculateS[7]: 0				
* Intervals start[7]: 0, end[7]: 0	
* Partition start[7]: 65086, end[7]: 74384	
* S[8] size: 0 x 0					
* isOptimized[8]: 0					
* hasReflection[8]: 0					
* hasDependences[8]: 0				
* hasToCalculateS[8]: 0				
* Intervals start[8]: 0, end[8]: 0	
* Partition start[8]: 74384, end[8]: 83682	
* S[9] size: 0 x 0					
* isOptimized[9]: 0					
* hasReflection[9]: 0					
* hasDependences[9]: 0				
* hasToCalculateS[9]: 0				
* Intervals start[9]: 0, end[9]: 0	
* Partition start[9]: 83682, end[9]: 92980	
* S[10] size: 0 x 0					
* isOptimized[10]: 0					
* hasReflection[10]: 0					
* hasDependences[10]: 0				
* hasToCalculateS[10]: 0				
* Intervals start[10]: 0, end[10]: 0	
* Partition start[10]: 92980, end[10]: 102278	
* S[11] size: 0 x 0					
* isOptimized[11]: 0					
* hasReflection[11]: 0					
* hasDependences[11]: 0				
* hasToCalculateS[11]: 0				
* Intervals start[11]: 0, end[11]: 0	
* Partition start[11]: 102278, end[11]: 111576	
* S[12] size: 0 x 0					
* isOptimized[12]: 0					
* hasReflection[12]: 0					
* hasDependences[12]: 0				
* hasToCalculateS[12]: 0				
* Intervals start[12]: 0, end[12]: 0	
* Partition start[12]: 111576, end[12]: 120874	
* S[13] size: 0 x 0					
* isOptimized[13]: 0					
* hasReflection[13]: 0					
* hasDependences[13]: 0				
* hasToCalculateS[13]: 0				
* Intervals start[13]: 0, end[13]: 0	
* Partition start[13]: 120874, end[13]: 130172	
* S[14] size: 0 x 0					
* isOptimized[14]: 0					
* hasReflection[14]: 0					
* hasDependences[14]: 0				
* hasToCalculateS[14]: 0				
* Intervals start[14]: 0, end[14]: 0	
* Partition start[14]: 130172, end[14]: 139470	
* S[15] size: 0 x 0					
* isOptimized[15]: 0					
* hasReflection[15]: 0					
* hasDependences[15]: 0				
* hasToCalculateS[15]: 0				
* Intervals start[15]: 0, end[15]: 0	
* Partition start[15]: 139470, end[15]: 148770	
* * * * * * * * * * * * * * * * * * * * * * 

MKL Seq. Triangular Solver 	| Min. runtime: 0.3350 ms 	| Avg. runtime: 0.3500 ms
MKL Par. Triangular Solver 	| Min. runtime: 0.2420 ms 	| Avg. runtime: 0.2594 ms
SPARSKIT Triangular Solver 	| Min. runtime: 0.1400 ms 	| Avg. runtime: 0.1434 ms
Parallel Triangular Solver 	| Min. runtime: 0.0398 ms 	| Avg. runtime: 0.1256 ms
CUDA Sparse Matrix-Vector Mult. 	| Min. runtime: 0.0495 ms 	| Avg. runtime: 0.0525 ms
NTHREAD: 20
* * * * * * * * * * * * * * * * * * * * * * 
* Matrix Information						
* ------------------						
* Reduced system size: 0 x 0				
* Reduced system nnzs: 0 					
* S[0] size: 0 x 0					
* isOptimized[0]: 0					
* hasReflection[0]: 0					
* hasDependences[0]: 0				
* hasToCalculateS[0]: 0				
* Intervals start[0]: 0, end[0]: 0	
* Partition start[0]: 0, end[0]: 7438	
* S[1] size: 0 x 0					
* isOptimized[1]: 0					
* hasReflection[1]: 0					
* hasDependences[1]: 0				
* hasToCalculateS[1]: 0				
* Intervals start[1]: 0, end[1]: 0	
* Partition start[1]: 7438, end[1]: 14876	
* S[2] size: 0 x 0					
* isOptimized[2]: 0					
* hasReflection[2]: 0					
* hasDependences[2]: 0				
* hasToCalculateS[2]: 0				
* Intervals start[2]: 0, end[2]: 0	
* Partition start[2]: 14876, end[2]: 22314	
* S[3] size: 0 x 0					
* isOptimized[3]: 0					
* hasReflection[3]: 0					
* hasDependences[3]: 0				
* hasToCalculateS[3]: 0				
* Intervals start[3]: 0, end[3]: 0	
* Partition start[3]: 22314, end[3]: 29752	
* S[4] size: 0 x 0					
* isOptimized[4]: 0					
* hasReflection[4]: 0					
* hasDependences[4]: 0				
* hasToCalculateS[4]: 0				
* Intervals start[4]: 0, end[4]: 0	
* Partition start[4]: 29752, end[4]: 37190	
* S[5] size: 0 x 0					
* isOptimized[5]: 0					
* hasReflection[5]: 0					
* hasDependences[5]: 0				
* hasToCalculateS[5]: 0				
* Intervals start[5]: 0, end[5]: 0	
* Partition start[5]: 37190, end[5]: 44628	
* S[6] size: 0 x 0					
* isOptimized[6]: 0					
* hasReflection[6]: 0					
* hasDependences[6]: 0				
* hasToCalculateS[6]: 0				
* Intervals start[6]: 0, end[6]: 0	
* Partition start[6]: 44628, end[6]: 52066	
* S[7] size: 0 x 0					
* isOptimized[7]: 0					
* hasReflection[7]: 0					
* hasDependences[7]: 0				
* hasToCalculateS[7]: 0				
* Intervals start[7]: 0, end[7]: 0	
* Partition start[7]: 52066, end[7]: 59504	
* S[8] size: 0 x 0					
* isOptimized[8]: 0					
* hasReflection[8]: 0					
* hasDependences[8]: 0				
* hasToCalculateS[8]: 0				
* Intervals start[8]: 0, end[8]: 0	
* Partition start[8]: 59504, end[8]: 66942	
* S[9] size: 0 x 0					
* isOptimized[9]: 0					
* hasReflection[9]: 0					
* hasDependences[9]: 0				
* hasToCalculateS[9]: 0				
* Intervals start[9]: 0, end[9]: 0	
* Partition start[9]: 66942, end[9]: 74380	
* S[10] size: 0 x 0					
* isOptimized[10]: 0					
* hasReflection[10]: 0					
* hasDependences[10]: 0				
* hasToCalculateS[10]: 0				
* Intervals start[10]: 0, end[10]: 0	
* Partition start[10]: 74380, end[10]: 81818	
* S[11] size: 0 x 0					
* isOptimized[11]: 0					
* hasReflection[11]: 0					
* hasDependences[11]: 0				
* hasToCalculateS[11]: 0				
* Intervals start[11]: 0, end[11]: 0	
* Partition start[11]: 81818, end[11]: 89256	
* S[12] size: 0 x 0					
* isOptimized[12]: 0					
* hasReflection[12]: 0					
* hasDependences[12]: 0				
* hasToCalculateS[12]: 0				
* Intervals start[12]: 0, end[12]: 0	
* Partition start[12]: 89256, end[12]: 96694	
* S[13] size: 0 x 0					
* isOptimized[13]: 0					
* hasReflection[13]: 0					
* hasDependences[13]: 0				
* hasToCalculateS[13]: 0				
* Intervals start[13]: 0, end[13]: 0	
* Partition start[13]: 96694, end[13]: 104132	
* S[14] size: 0 x 0					
* isOptimized[14]: 0					
* hasReflection[14]: 0					
* hasDependences[14]: 0				
* hasToCalculateS[14]: 0				
* Intervals start[14]: 0, end[14]: 0	
* Partition start[14]: 104132, end[14]: 111570	
* S[15] size: 0 x 0					
* isOptimized[15]: 0					
* hasReflection[15]: 0					
* hasDependences[15]: 0				
* hasToCalculateS[15]: 0				
* Intervals start[15]: 0, end[15]: 0	
* Partition start[15]: 111570, end[15]: 119008	
* S[16] size: 0 x 0					
* isOptimized[16]: 0					
* hasReflection[16]: 0					
* hasDependences[16]: 0				
* hasToCalculateS[16]: 0				
* Intervals start[16]: 0, end[16]: 0	
* Partition start[16]: 119008, end[16]: 126446	
* S[17] size: 0 x 0					
* isOptimized[17]: 0					
* hasReflection[17]: 0					
* hasDependences[17]: 0				
* hasToCalculateS[17]: 0				
* Intervals start[17]: 0, end[17]: 0	
* Partition start[17]: 126446, end[17]: 133884	
* S[18] size: 0 x 0					
* isOptimized[18]: 0					
* hasReflection[18]: 0					
* hasDependences[18]: 0				
* hasToCalculateS[18]: 0				
* Intervals start[18]: 0, end[18]: 0	
* Partition start[18]: 133884, end[18]: 141322	
* S[19] size: 0 x 0					
* isOptimized[19]: 0					
* hasReflection[19]: 0					
* hasDependences[19]: 0				
* hasToCalculateS[19]: 0				
* Intervals start[19]: 0, end[19]: 0	
* Partition start[19]: 141322, end[19]: 148770	
* * * * * * * * * * * * * * * * * * * * * * 

MKL Seq. Triangular Solver 	| Min. runtime: 0.3269 ms 	| Avg. runtime: 0.3510 ms
MKL Par. Triangular Solver 	| Min. runtime: 0.2410 ms 	| Avg. runtime: 0.2581 ms
SPARSKIT Triangular Solver 	| Min. runtime: 0.1431 ms 	| Avg. runtime: 0.1517 ms
Parallel Triangular Solver 	| Min. runtime: 0.0508 ms 	| Avg. runtime: 0.0844 ms
CUDA Sparse Matrix-Vector Mult. 	| Min. runtime: 0.0496 ms 	| Avg. runtime: 0.0530 ms
######-END: Tests on /home/paul/UNSA/directs/spike_pstrsv/exs/Original/PatternSymmetric/bmwcra_1.mtx-######



######-START: Tests on Upper Triangular /home/paul/UNSA/directs/spike_pstrsv/exs/Original/PatternSymmetric/boneS01.mtx-######
NTHREAD: 2
* * * * * * * * * * * * * * * * * * * * * * 
* Matrix Information						
* ------------------						
* Reduced system size: 0 x 0				
* Reduced system nnzs: 0 					
* S[0] size: 0 x 0					
* isOptimized[0]: 0					
* hasReflection[0]: 0					
* hasDependences[0]: 0				
* hasToCalculateS[0]: 0				
* Intervals start[0]: 0, end[0]: 0	
* Partition start[0]: 0, end[0]: 63612	
* S[1] size: 0 x 0					
* isOptimized[1]: 0					
* hasReflection[1]: 0					
* hasDependences[1]: 0				
* hasToCalculateS[1]: 0				
* Intervals start[1]: 0, end[1]: 0	
* Partition start[1]: 63612, end[1]: 127224	
* * * * * * * * * * * * * * * * * * * * * * 

MKL Seq. Triangular Solver 	| Min. runtime: 0.2830 ms 	| Avg. runtime: 0.3052 ms
MKL Par. Triangular Solver 	| Min. runtime: 0.2060 ms 	| Avg. runtime: 0.2198 ms
SPARSKIT Triangular Solver 	| Min. runtime: 0.1199 ms 	| Avg. runtime: 0.1279 ms
Parallel Triangular Solver 	| Min. runtime: 0.0629 ms 	| Avg. runtime: 0.0672 ms
CUDA Sparse Matrix-Vector Mult. 	| Min. runtime: 0.0426 ms 	| Avg. runtime: 0.0521 ms
NTHREAD: 4
